<?xml version="1.0" encoding="utf-8"?>
<TestRun id="e7438cab-f7f3-4bf8-988e-3db2ec49dc9d" name="@be28c97ca8a9 2019-10-08 02:23:14" xmlns="http://microsoft.com/schemas/VisualStudio/TeamTest/2010">
  <Times creation="2019-10-08T02:23:14.3212678+00:00" queuing="2019-10-08T02:23:14.3212679+00:00" start="2019-10-08T02:23:11.3981518+00:00" finish="2019-10-08T02:23:15.2723404+00:00" />
  <TestSettings name="default" id="71da0bcd-58f5-4287-842f-81daa164896c">
    <Deployment runDeploymentRoot="_be28c97ca8a9_2019-10-08_02_23_14" />
  </TestSettings>
  <Results>
    <UnitTestResult executionId="231b477d-c803-4867-b8d5-802726c773d1" testId="b0093c99-70c3-ac7e-a71b-bb4e39aef013" testName="LedgerAccountsTestsUnit.ControllerLedgerAccountsTemplatesTests.MVDLedgerAccountsTemplateTest.ValidateLedgerAccountIdAsync_LedgerAccount_Valid" computerName="be28c97ca8a9" duration="00:00:00.0060000" startTime="2019-10-08T02:23:14.5545551+00:00" endTime="2019-10-08T02:23:14.5545554+00:00" testType="13cdc9d9-ddb5-4fa4-a97d-d965ccfc6d4b" outcome="Passed" testListId="8c84fa94-04c1-424b-9868-57a2d4851a1d" relativeResultsDirectory="231b477d-c803-4867-b8d5-802726c773d1" />
    <UnitTestResult executionId="b7f3ba35-4749-45de-b34d-50e5fede8696" testId="dab2bbee-d55d-b385-9866-400ce9b91f4f" testName="LedgerAccountsTestsUnit.ControllerLedgerAccountsTests.MVDLedgerAccountsTests.ValidateDBMLedgerAccountIdAsync_LedgerAccountId_NotFound" computerName="be28c97ca8a9" duration="00:00:00.0030000" startTime="2019-10-08T02:23:15.0304921+00:00" endTime="2019-10-08T02:23:15.0304924+00:00" testType="13cdc9d9-ddb5-4fa4-a97d-d965ccfc6d4b" outcome="Passed" testListId="8c84fa94-04c1-424b-9868-57a2d4851a1d" relativeResultsDirectory="b7f3ba35-4749-45de-b34d-50e5fede8696" />
    <UnitTestResult executionId="06accb65-cafc-420f-bd97-57cc48cf9dc6" testId="2b23d559-50a0-3fd9-d1cd-34e3de8c73ae" testName="LedgerAccountsTestsUnit.ControllerLedgerAccountsTests.MVSLedgerAccountsTests.ValidateLedgerAccountMex_LedgerAccountMex_NullValid" computerName="be28c97ca8a9" duration="00:00:00.0010000" startTime="2019-10-08T02:23:14.5975936+00:00" endTime="2019-10-08T02:23:14.5975938+00:00" testType="13cdc9d9-ddb5-4fa4-a97d-d965ccfc6d4b" outcome="Passed" testListId="8c84fa94-04c1-424b-9868-57a2d4851a1d" relativeResultsDirectory="06accb65-cafc-420f-bd97-57cc48cf9dc6" />
    <UnitTestResult executionId="7da91571-40f2-4d25-bc85-8c33d5eb3d61" testId="5f95fbb5-2dff-e532-f8df-9fe0823e1f66" testName="LedgerAccountsTestsUnit.ControllerBulkProcessTests.MVASBulkProcessTests.ValidateDownloadFileAsync_Bulk_BulkUploadFail" computerName="be28c97ca8a9" duration="00:00:00.3550000" startTime="2019-10-08T02:23:13.6324419+00:00" endTime="2019-10-08T02:23:13.6324423+00:00" testType="13cdc9d9-ddb5-4fa4-a97d-d965ccfc6d4b" outcome="Passed" testListId="8c84fa94-04c1-424b-9868-57a2d4851a1d" relativeResultsDirectory="7da91571-40f2-4d25-bc85-8c33d5eb3d61" />
    <UnitTestResult executionId="209ea7a6-3024-41a5-8a94-acb05b950d56" testId="0e0039b6-8ab8-5184-38c5-46a20e4700f9" testName="LedgerAccountsTestsUnit.ControllerLedgerAccountsTests.MVSLedgerAccountsTests.ValidateLedgerAccountBulkExcelFile_LedgerAccounts_ParentNotExists" computerName="be28c97ca8a9" duration="00:00:00.0130000" startTime="2019-10-08T02:23:15.1921211+00:00" endTime="2019-10-08T02:23:15.1921215+00:00" testType="13cdc9d9-ddb5-4fa4-a97d-d965ccfc6d4b" outcome="Passed" testListId="8c84fa94-04c1-424b-9868-57a2d4851a1d" relativeResultsDirectory="209ea7a6-3024-41a5-8a94-acb05b950d56" />
    <UnitTestResult executionId="6fa6cbef-736f-4fc2-8b7b-70d2a8bd4e9f" testId="8bd317f3-c94e-0c63-fb05-490bbca4a221" testName="LedgerAccountsTestsUnit.ControllerLedgerAccountsTests.MCLedgerAccountsTests.GetById_LedgerAccountExists_True" computerName="be28c97ca8a9" duration="00:00:00.0370000" startTime="2019-10-08T02:23:14.5863440+00:00" endTime="2019-10-08T02:23:14.5863442+00:00" testType="13cdc9d9-ddb5-4fa4-a97d-d965ccfc6d4b" outcome="Passed" testListId="8c84fa94-04c1-424b-9868-57a2d4851a1d" relativeResultsDirectory="6fa6cbef-736f-4fc2-8b7b-70d2a8bd4e9f" />
    <UnitTestResult executionId="f33d68c2-0f8c-45bd-926c-f6ee20ccf2da" testId="e32bf08a-29e9-ef2e-ce78-a514db82215a" testName="LedgerAccountsTestsUnit.ControllerLedgerAccountsTests.MVDLedgerAccountsTests.ValidateDBMLedgerAccountIdAsync_LedgerAccountId_Valid" computerName="be28c97ca8a9" duration="00:00:00.0050000" startTime="2019-10-08T02:23:15.0190480+00:00" endTime="2019-10-08T02:23:15.0190484+00:00" testType="13cdc9d9-ddb5-4fa4-a97d-d965ccfc6d4b" outcome="Passed" testListId="8c84fa94-04c1-424b-9868-57a2d4851a1d" relativeResultsDirectory="f33d68c2-0f8c-45bd-926c-f6ee20ccf2da" />
    <UnitTestResult executionId="1ea64937-69ac-4a0c-adef-fc889bba8e8e" testId="777a770f-f1bf-c386-9155-f82d5cc42606" testName="LedgerAccountsTestsUnit.ControllerLedgerAccountsTests.MCLedgerAccountsTests.GetById_LedgerAccountWithSubAccountsExists_True" computerName="be28c97ca8a9" duration="00:00:00.0340000" startTime="2019-10-08T02:23:14.6320662+00:00" endTime="2019-10-08T02:23:14.6320667+00:00" testType="13cdc9d9-ddb5-4fa4-a97d-d965ccfc6d4b" outcome="Passed" testListId="8c84fa94-04c1-424b-9868-57a2d4851a1d" relativeResultsDirectory="1ea64937-69ac-4a0c-adef-fc889bba8e8e" />
    <UnitTestResult executionId="afa85e15-35fd-4a35-8879-f468991d87fa" testId="f21e5539-037f-d4ee-18a0-d394bc7c8273" testName="LedgerAccountsTestsUnit.ControllerLedgerAccountsTemplatesTests.MVSLedgerAccountsTemplateTest.ValidateLedgerAccountPatch_LedgerAccount_NotEditble" computerName="be28c97ca8a9" duration="00:00:00.0280000" startTime="2019-10-08T02:23:14.8044119+00:00" endTime="2019-10-08T02:23:14.8044123+00:00" testType="13cdc9d9-ddb5-4fa4-a97d-d965ccfc6d4b" outcome="Passed" testListId="8c84fa94-04c1-424b-9868-57a2d4851a1d" relativeResultsDirectory="afa85e15-35fd-4a35-8879-f468991d87fa" />
    <UnitTestResult executionId="bcb8af9a-7d31-4d2b-972b-72d3a38f0cf7" testId="a58b42d3-26d8-8b6c-ac10-3a91c85c1ec1" testName="LedgerAccountsTestsUnit.ControllerLedgerAccountsTests.MVDLedgerAccountsTests.ValidateLedgerAccountIdAsync_LedgerAccount_Valid" computerName="be28c97ca8a9" duration="00:00:00.0020000" startTime="2019-10-08T02:23:14.9998444+00:00" endTime="2019-10-08T02:23:14.9998446+00:00" testType="13cdc9d9-ddb5-4fa4-a97d-d965ccfc6d4b" outcome="Passed" testListId="8c84fa94-04c1-424b-9868-57a2d4851a1d" relativeResultsDirectory="bcb8af9a-7d31-4d2b-972b-72d3a38f0cf7" />
    <UnitTestResult executionId="232684e6-5a71-4271-a156-e9ac9d7ba525" testId="3d368010-4310-a69c-e111-56df59e97742" testName="LedgerAccountsTestsUnit.ControllerLedgerAccountsTests.MVSLedgerAccountsTests.ValidateLedgerAccountPatch_LedgerAccount_NotEditble" computerName="be28c97ca8a9" duration="00:00:00.0110000" startTime="2019-10-08T02:23:15.2099709+00:00" endTime="2019-10-08T02:23:15.2099713+00:00" testType="13cdc9d9-ddb5-4fa4-a97d-d965ccfc6d4b" outcome="Passed" testListId="8c84fa94-04c1-424b-9868-57a2d4851a1d" relativeResultsDirectory="232684e6-5a71-4271-a156-e9ac9d7ba525" />
    <UnitTestResult executionId="051c2d7b-f066-4af2-ab1a-f256121e4d68" testId="f7431369-547b-e0ee-76e4-4869ccdf3e66" testName="LedgerAccountsTestsUnit.ControllerChartOfAccountsTemplatesTests.MVSChartOfAccountsTemplatesTests.ValidateChartOfAccountsTemplate_ChartOfAccountsTemplateData_MaxLength" computerName="be28c97ca8a9" duration="00:00:00.0060000" startTime="2019-10-08T02:23:14.6916656+00:00" endTime="2019-10-08T02:23:14.6916663+00:00" testType="13cdc9d9-ddb5-4fa4-a97d-d965ccfc6d4b" outcome="Passed" testListId="8c84fa94-04c1-424b-9868-57a2d4851a1d" relativeResultsDirectory="051c2d7b-f066-4af2-ab1a-f256121e4d68" />
    <UnitTestResult executionId="a25e0315-28fd-4ae2-b6bd-279ceb17e1c1" testId="3b43fc8e-af96-ca2e-0dc7-e02dfe502c06" testName="LedgerAccountsTestsUnit.ControllerLedgerAccountsTemplatesTests.MVDLedgerAccountsTemplateTest.ValidateLedgerAccountTemplate_ValidateLedgerAccountTemplateMex_Valid" computerName="be28c97ca8a9" duration="00:00:00.0020000" startTime="2019-10-08T02:23:14.6232199+00:00" endTime="2019-10-08T02:23:14.6232202+00:00" testType="13cdc9d9-ddb5-4fa4-a97d-d965ccfc6d4b" outcome="Passed" testListId="8c84fa94-04c1-424b-9868-57a2d4851a1d" relativeResultsDirectory="a25e0315-28fd-4ae2-b6bd-279ceb17e1c1" />
    <UnitTestResult executionId="bea8c2ca-8fce-4e56-b462-0054cb8a8f51" testId="3d61733c-7e1d-900f-5132-a53fa52b9525" testName="LedgerAccountsTestsUnit.ControllerLedgerAccountsTemplatesTests.MVDLedgerAccountsTemplateTest.ValidateDBMLedgerAccountTemplateIdAsync_LedgerAccountTemplateId_Valid" computerName="be28c97ca8a9" duration="00:00:00.0370000" startTime="2019-10-08T02:23:14.6212954+00:00" endTime="2019-10-08T02:23:14.6212958+00:00" testType="13cdc9d9-ddb5-4fa4-a97d-d965ccfc6d4b" outcome="Passed" testListId="8c84fa94-04c1-424b-9868-57a2d4851a1d" relativeResultsDirectory="bea8c2ca-8fce-4e56-b462-0054cb8a8f51" />
    <UnitTestResult executionId="74771963-9300-4a4a-820f-3f3c4f515b48" testId="72990997-6326-4988-b65d-a37cf7c80b80" testName="LedgerAccountsTestsUnit.ControllerLedgerAccountsTests.MVSLedgerAccountsTests.ValidateLedgerAccountPatch_LedgerAccount_BadFormat" computerName="be28c97ca8a9" duration="00:00:00.3920000" startTime="2019-10-08T02:23:14.3058449+00:00" endTime="2019-10-08T02:23:14.3058454+00:00" testType="13cdc9d9-ddb5-4fa4-a97d-d965ccfc6d4b" outcome="Passed" testListId="8c84fa94-04c1-424b-9868-57a2d4851a1d" relativeResultsDirectory="74771963-9300-4a4a-820f-3f3c4f515b48" />
    <UnitTestResult executionId="20a232c2-2eea-4235-911d-391dbbe7b2ef" testId="0995fa71-13e8-ba17-734b-7950298e9f2e" testName="LedgerAccountsTestsUnit.ControllerLedgerAccountsTests.MCLedgerAccountsTests.Get_LedgerAccountExistsWhitRedis_True" computerName="be28c97ca8a9" duration="00:00:00.0030000" startTime="2019-10-08T02:23:14.5912645+00:00" endTime="2019-10-08T02:23:14.5912647+00:00" testType="13cdc9d9-ddb5-4fa4-a97d-d965ccfc6d4b" outcome="Passed" testListId="8c84fa94-04c1-424b-9868-57a2d4851a1d" relativeResultsDirectory="20a232c2-2eea-4235-911d-391dbbe7b2ef" />
    <UnitTestResult executionId="3a8bc2c8-17ce-447c-b0c2-f3beba811fc1" testId="a6dcb79b-c0e5-ea50-3563-5c6bfc8c6f6f" testName="LedgerAccountsTestsUnit.ControllerBulkProcessTests.MVASBulkProcessTests.ValidateUploadBlobAsync_Bulk_BulkUploadFail" computerName="be28c97ca8a9" duration="00:00:00.0170000" startTime="2019-10-08T02:23:13.6454113+00:00" endTime="2019-10-08T02:23:13.6454116+00:00" testType="13cdc9d9-ddb5-4fa4-a97d-d965ccfc6d4b" outcome="Passed" testListId="8c84fa94-04c1-424b-9868-57a2d4851a1d" relativeResultsDirectory="3a8bc2c8-17ce-447c-b0c2-f3beba811fc1" />
    <UnitTestResult executionId="7344833b-9745-45f9-bbbb-5708743b15e1" testId="3648f3f7-d7bc-57a8-ec1c-7b6d494250aa" testName="LedgerAccountsTestsUnit.ControllerLedgerAccountsTests.MVSLedgerAccountsTests.ValidateLedgerAccountPatch_LedgerAccount_EmptyValue" computerName="be28c97ca8a9" duration="00:00:00.0010000" startTime="2019-10-08T02:23:15.1930630+00:00" endTime="2019-10-08T02:23:15.1930632+00:00" testType="13cdc9d9-ddb5-4fa4-a97d-d965ccfc6d4b" outcome="Passed" testListId="8c84fa94-04c1-424b-9868-57a2d4851a1d" relativeResultsDirectory="7344833b-9745-45f9-bbbb-5708743b15e1" />
    <UnitTestResult executionId="69e962c4-845f-4ba5-8887-c5cbd67043c0" testId="1edf8a90-b2d4-df62-b729-04362a594e91" testName="LedgerAccountsTestsUnit.ControllerLedgerAccountsTests.MVDLedgerAccountsTests.ValidateLedgerAccount_LedgerAccount_ParentNotExists" computerName="be28c97ca8a9" duration="00:00:00.0050000" startTime="2019-10-08T02:23:14.9588226+00:00" endTime="2019-10-08T02:23:14.9588230+00:00" testType="13cdc9d9-ddb5-4fa4-a97d-d965ccfc6d4b" outcome="Passed" testListId="8c84fa94-04c1-424b-9868-57a2d4851a1d" relativeResultsDirectory="69e962c4-845f-4ba5-8887-c5cbd67043c0" />
    <UnitTestResult executionId="2129965b-0b35-4da1-bd81-3e3484211eff" testId="49c28c60-16e2-7e6e-73af-b5a134ea22d9" testName="LedgerAccountsTestsUnit.ControllerChartOfAccountsTemplatesTests.MVDChartOfAccountsTemplatesTests.ValidateChartOfAccountsTemplate_LedgerAccountTemplateData_Exits_False" computerName="be28c97ca8a9" duration="00:00:00.0130000" startTime="2019-10-08T02:23:14.8653126+00:00" endTime="2019-10-08T02:23:14.8653130+00:00" testType="13cdc9d9-ddb5-4fa4-a97d-d965ccfc6d4b" outcome="Passed" testListId="8c84fa94-04c1-424b-9868-57a2d4851a1d" relativeResultsDirectory="2129965b-0b35-4da1-bd81-3e3484211eff" />
    <UnitTestResult executionId="708e245e-e823-45fc-a9bf-f9edca1596c2" testId="c2c47baa-fa08-bc69-a99c-43d0f6dad962" testName="LedgerAccountsTestsUnit.ControllerLedgerAccountsTests.MVSLedgerAccountsTests.ValidateLedgerAccountPatch_LedgerAccount_Valid" computerName="be28c97ca8a9" duration="00:00:00.2280000" startTime="2019-10-08T02:23:14.5341012+00:00" endTime="2019-10-08T02:23:14.5341015+00:00" testType="13cdc9d9-ddb5-4fa4-a97d-d965ccfc6d4b" outcome="Passed" testListId="8c84fa94-04c1-424b-9868-57a2d4851a1d" relativeResultsDirectory="708e245e-e823-45fc-a9bf-f9edca1596c2" />
    <UnitTestResult executionId="37d30299-dec1-4b27-929b-419e1e219644" testId="19f9cc7c-35b7-15d0-822d-5184b1e00e88" testName="LedgerAccountsTestsUnit.ControllerLedgerAccountsTests.MVDLedgerAccountsTests.ValidateLedgerAccountBulkAsync_LedgerAccounts_Valid" computerName="be28c97ca8a9" duration="00:00:00.0030000" startTime="2019-10-08T02:23:15.0033363+00:00" endTime="2019-10-08T02:23:15.0033365+00:00" testType="13cdc9d9-ddb5-4fa4-a97d-d965ccfc6d4b" outcome="Passed" testListId="8c84fa94-04c1-424b-9868-57a2d4851a1d" relativeResultsDirectory="37d30299-dec1-4b27-929b-419e1e219644" />
    <UnitTestResult executionId="c0de5d1f-39f5-4ddf-a86c-eecc6237bc27" testId="dda59a48-d9dd-55e1-e82a-02e71164c256" testName="LedgerAccountsTestsUnit.ControllerChartOfAccountsTemplatesTests.MVDChartOfAccountsTemplatesTests.ValidateChartOfAccountsTemplates_ChartOfAccountsTemplates_Valid" computerName="be28c97ca8a9" duration="00:00:00.0140000" startTime="2019-10-08T02:23:14.8794765+00:00" endTime="2019-10-08T02:23:14.8794769+00:00" testType="13cdc9d9-ddb5-4fa4-a97d-d965ccfc6d4b" outcome="Passed" testListId="8c84fa94-04c1-424b-9868-57a2d4851a1d" relativeResultsDirectory="c0de5d1f-39f5-4ddf-a86c-eecc6237bc27" />
    <UnitTestResult executionId="fbd3376d-4960-4af4-b0da-349acb1e181f" testId="633fda29-f4e9-b7d2-7593-3c9076980b8a" testName="LedgerAccountsTestsUnit.ControllerLedgerAccountsTemplatesTests.MVDLedgerAccountsTemplateTest.ValidateDBMLedgerAccountTemplateIdAsync_LedgerAccountTemplateId_NotFound" computerName="be28c97ca8a9" duration="00:00:00.0160000" startTime="2019-10-08T02:23:14.6415701+00:00" endTime="2019-10-08T02:23:14.6415707+00:00" testType="13cdc9d9-ddb5-4fa4-a97d-d965ccfc6d4b" outcome="Passed" testListId="8c84fa94-04c1-424b-9868-57a2d4851a1d" relativeResultsDirectory="fbd3376d-4960-4af4-b0da-349acb1e181f" />
    <UnitTestResult executionId="8c5456b3-dcda-4e33-849e-6763e7a05140" testId="e23d90e8-3bac-817b-3a65-d3efabc4ccb9" testName="LedgerAccountsTestsUnit.ControllerLedgerAccountsTemplatesTests.MVSLedgerAccountsTemplateTest.ValidateLedgerAccountTemplatePatch_LedgerAccountTemplate_EmptyValue" computerName="be28c97ca8a9" duration="00:00:00.0030000" startTime="2019-10-08T02:23:14.7328903+00:00" endTime="2019-10-08T02:23:14.7328906+00:00" testType="13cdc9d9-ddb5-4fa4-a97d-d965ccfc6d4b" outcome="Passed" testListId="8c84fa94-04c1-424b-9868-57a2d4851a1d" relativeResultsDirectory="8c5456b3-dcda-4e33-849e-6763e7a05140" />
    <UnitTestResult executionId="795830a1-75a8-489a-850f-80897fdfec80" testId="f27dd1ac-10c6-e66c-6070-7128bd60dd1d" testName="LedgerAccountsTestsUnit.ControllerLedgerAccountsTemplatesTests.MVSLedgerAccountsTemplateTest.ValidateLedgerAccountTemplateMex_LedgerAccountTemplateMex_NotNullValid" computerName="be28c97ca8a9" duration="00:00:00.0010000" startTime="2019-10-08T02:23:14.7535485+00:00" endTime="2019-10-08T02:23:14.7535492+00:00" testType="13cdc9d9-ddb5-4fa4-a97d-d965ccfc6d4b" outcome="Passed" testListId="8c84fa94-04c1-424b-9868-57a2d4851a1d" relativeResultsDirectory="795830a1-75a8-489a-850f-80897fdfec80" />
    <UnitTestResult executionId="9b0d25a2-ee2d-4f80-a459-c4783b05e084" testId="9063419b-04ba-0da0-cbe0-33ecc4114283" testName="LedgerAccountsTestsUnit.ControllerChartOfAccountsTemplatesTests.MCChartOfAccountsTemplatesTests.Get_ChartOfAccountsTemplatesExists_True" computerName="be28c97ca8a9" duration="00:00:00.0530000" startTime="2019-10-08T02:23:14.7888744+00:00" endTime="2019-10-08T02:23:14.7888748+00:00" testType="13cdc9d9-ddb5-4fa4-a97d-d965ccfc6d4b" outcome="Passed" testListId="8c84fa94-04c1-424b-9868-57a2d4851a1d" relativeResultsDirectory="9b0d25a2-ee2d-4f80-a459-c4783b05e084" />
    <UnitTestResult executionId="d35c56f0-e8de-4d9f-a437-7eb074aad223" testId="90e95780-903f-4c96-1aa5-fc9106d3c47f" testName="LedgerAccountsTestsUnit.ControllerLedgerAccountsTemplatesTests.MVDLedgerAccountsTemplateTest.ValidateLedgerAccount_LedgerAccountData_NumberExists" computerName="be28c97ca8a9" duration="00:00:00.0050000" startTime="2019-10-08T02:23:14.4871898+00:00" endTime="2019-10-08T02:23:14.4871901+00:00" testType="13cdc9d9-ddb5-4fa4-a97d-d965ccfc6d4b" outcome="Passed" testListId="8c84fa94-04c1-424b-9868-57a2d4851a1d" relativeResultsDirectory="d35c56f0-e8de-4d9f-a437-7eb074aad223" />
    <UnitTestResult executionId="7b0bf115-7d95-4e7e-aba8-423b1d450d39" testId="526bcd79-868a-f49d-e1c3-2e2d8711959f" testName="LedgerAccountsTestsUnit.ControllerLedgerAccountsTests.MVSLedgerAccountsTests.ValidateLedgerAccountMex_LedgerAccountMex_NotNullValid" computerName="be28c97ca8a9" duration="00:00:00.0010000" startTime="2019-10-08T02:23:15.2102026+00:00" endTime="2019-10-08T02:23:15.2102028+00:00" testType="13cdc9d9-ddb5-4fa4-a97d-d965ccfc6d4b" outcome="Passed" testListId="8c84fa94-04c1-424b-9868-57a2d4851a1d" relativeResultsDirectory="7b0bf115-7d95-4e7e-aba8-423b1d450d39" />
    <UnitTestResult executionId="363f9fcf-f2d8-4b1b-8236-0e5d9961896e" testId="c7b68479-6745-da9c-f3cd-3f519e7363e0" testName="LedgerAccountsTestsUnit.ControllerLedgerAccountsTests.MVDLedgerAccountsTests.ValidateLedgerAccount_LedgerAccountWithParent_Valid" computerName="be28c97ca8a9" duration="00:00:00.0570000" startTime="2019-10-08T02:23:14.9270559+00:00" endTime="2019-10-08T02:23:14.9270562+00:00" testType="13cdc9d9-ddb5-4fa4-a97d-d965ccfc6d4b" outcome="Passed" testListId="8c84fa94-04c1-424b-9868-57a2d4851a1d" relativeResultsDirectory="363f9fcf-f2d8-4b1b-8236-0e5d9961896e" />
    <UnitTestResult executionId="5d32355c-a115-4152-8998-652fc6c360b8" testId="db1128ac-ca46-f7c4-f7c8-ab3dd4624cf1" testName="LedgerAccountsTestsUnit.ControllerLedgerAccountsTests.MVDLedgerAccountsTests.ValidateLedgerAccount_LedgerAccountWith_NotInEnum" computerName="be28c97ca8a9" duration="00:00:00.0050000" startTime="2019-10-08T02:23:15.0081395+00:00" endTime="2019-10-08T02:23:15.0081397+00:00" testType="13cdc9d9-ddb5-4fa4-a97d-d965ccfc6d4b" outcome="Passed" testListId="8c84fa94-04c1-424b-9868-57a2d4851a1d" relativeResultsDirectory="5d32355c-a115-4152-8998-652fc6c360b8" />
    <UnitTestResult executionId="f5ed2b63-19bd-4f9b-9283-42dd1de8c934" testId="91cb0e9a-36eb-2dac-5113-5febbc875660" testName="LedgerAccountsTestsUnit.ControllerLedgerAccountsTests.MVDLedgerAccountsTests.ValidateLedgerAccount_LedgerAccountWith_SubtypeNotInEnum" computerName="be28c97ca8a9" duration="00:00:00.0040000" startTime="2019-10-08T02:23:15.0135333+00:00" endTime="2019-10-08T02:23:15.0135336+00:00" testType="13cdc9d9-ddb5-4fa4-a97d-d965ccfc6d4b" outcome="Passed" testListId="8c84fa94-04c1-424b-9868-57a2d4851a1d" relativeResultsDirectory="f5ed2b63-19bd-4f9b-9283-42dd1de8c934" />
    <UnitTestResult executionId="30d3bb54-037f-4248-83ee-15d686513254" testId="7e34c734-9bd2-4959-2cbf-414a4b47b9d6" testName="LedgerAccountsTestsUnit.ControllerLedgerAccountsTests.MVDLedgerAccountsTests.ValidateLedgerAccountBulkAsync_LedgerAccounts_Invalid" computerName="be28c97ca8a9" duration="00:00:00.0220000" startTime="2019-10-08T02:23:14.9809228+00:00" endTime="2019-10-08T02:23:14.9809232+00:00" testType="13cdc9d9-ddb5-4fa4-a97d-d965ccfc6d4b" outcome="Passed" testListId="8c84fa94-04c1-424b-9868-57a2d4851a1d" relativeResultsDirectory="30d3bb54-037f-4248-83ee-15d686513254" />
    <UnitTestResult executionId="aa1d0481-e7e2-4598-b7ef-1a01c10a8b8f" testId="b841bde9-0934-7ca1-5fd8-001f40657d88" testName="LedgerAccountsTestsUnit.ControllerLedgerAccountsTemplatesTests.MVDLedgerAccountsTemplateTest.ValidateLedgerAccountTemplate_LedgerAccountTemplateWith_NotInEnum" computerName="be28c97ca8a9" duration="00:00:00.0130000" startTime="2019-10-08T02:23:14.5674018+00:00" endTime="2019-10-08T02:23:14.5674021+00:00" testType="13cdc9d9-ddb5-4fa4-a97d-d965ccfc6d4b" outcome="Passed" testListId="8c84fa94-04c1-424b-9868-57a2d4851a1d" relativeResultsDirectory="aa1d0481-e7e2-4598-b7ef-1a01c10a8b8f" />
    <UnitTestResult executionId="a9c33660-6741-4e1a-9dc5-6a7d867460a3" testId="67ddc95f-255e-7407-a908-3ef04f89a2cb" testName="LedgerAccountsTestsUnit.ControllerLedgerAccountsTests.MVSLedgerAccountsTests.ValidateLedgerAccount_LedgerAccount_Empty" computerName="be28c97ca8a9" duration="00:00:00.0010000" startTime="2019-10-08T02:23:15.1766133+00:00" endTime="2019-10-08T02:23:15.1766135+00:00" testType="13cdc9d9-ddb5-4fa4-a97d-d965ccfc6d4b" outcome="Passed" testListId="8c84fa94-04c1-424b-9868-57a2d4851a1d" relativeResultsDirectory="a9c33660-6741-4e1a-9dc5-6a7d867460a3" />
    <UnitTestResult executionId="d5c33c1e-478e-41e9-827b-d8d52333f96e" testId="8fcff655-a666-b271-c14b-fa016439b7c4" testName="LedgerAccountsTestsUnit.ControllerLedgerAccountsTemplatesTests.MCLedgerAccountsTemplateTests.GetLedgerAccountsTemplateExists_False" computerName="be28c97ca8a9" duration="00:00:00.0200000" startTime="2019-10-08T02:23:14.5481671+00:00" endTime="2019-10-08T02:23:14.5481675+00:00" testType="13cdc9d9-ddb5-4fa4-a97d-d965ccfc6d4b" outcome="Passed" testListId="8c84fa94-04c1-424b-9868-57a2d4851a1d" relativeResultsDirectory="d5c33c1e-478e-41e9-827b-d8d52333f96e" />
    <UnitTestResult executionId="67e07995-0d69-4b53-9c14-7d11826c781e" testId="aa079fb8-65c9-228c-c058-39d38a33c899" testName="LedgerAccountsTestsUnit.ControllerChartOfAccountsTemplatesTests.MVDChartOfAccountsTemplatesTests.ValidateChartOfAccountsTemplate_ChartOfAccountsTemplateData_NameExists_True" computerName="be28c97ca8a9" duration="00:00:00.0140000" startTime="2019-10-08T02:23:14.8933197+00:00" endTime="2019-10-08T02:23:14.8933201+00:00" testType="13cdc9d9-ddb5-4fa4-a97d-d965ccfc6d4b" outcome="Passed" testListId="8c84fa94-04c1-424b-9868-57a2d4851a1d" relativeResultsDirectory="67e07995-0d69-4b53-9c14-7d11826c781e" />
    <UnitTestResult executionId="467d9177-b546-4400-b06d-23cfb0b9cca7" testId="f656e385-8b25-702c-33bf-451c7d61187d" testName="LedgerAccountsTestsUnit.ControllerLedgerAccountsTests.MVDLedgerAccountsTests.ValidateLedgerAccount_LedgerAccountData_NumberExists" computerName="be28c97ca8a9" duration="00:00:00.0030000" startTime="2019-10-08T02:23:15.0252018+00:00" endTime="2019-10-08T02:23:15.0252021+00:00" testType="13cdc9d9-ddb5-4fa4-a97d-d965ccfc6d4b" outcome="Passed" testListId="8c84fa94-04c1-424b-9868-57a2d4851a1d" relativeResultsDirectory="467d9177-b546-4400-b06d-23cfb0b9cca7" />
    <UnitTestResult executionId="1d93aa80-f36c-4ace-90a2-3452d3052036" testId="5bc9cfa2-f8aa-1b87-450d-2ad6c5374f63" testName="LedgerAccountsTestsUnit.ControllerLedgerAccountsTemplatesTests.MVSLedgerAccountsTemplateTest.ValidateLedgerAccountPatch_LedgerAccount_Valid" computerName="be28c97ca8a9" duration="00:00:00.0230000" startTime="2019-10-08T02:23:14.7763313+00:00" endTime="2019-10-08T02:23:14.7763317+00:00" testType="13cdc9d9-ddb5-4fa4-a97d-d965ccfc6d4b" outcome="Passed" testListId="8c84fa94-04c1-424b-9868-57a2d4851a1d" relativeResultsDirectory="1d93aa80-f36c-4ace-90a2-3452d3052036" />
    <UnitTestResult executionId="fb340df6-e6f5-489f-a681-74a62dec5a08" testId="67ac005a-c6fa-bea1-9298-50796daaf41c" testName="LedgerAccountsTestsUnit.ControllerLedgerAccountsTests.MVSLedgerAccountsTests.ValidateLedgerAccountBulk_LedgerAccounts_Valid" computerName="be28c97ca8a9" duration="00:00:00.0020000" startTime="2019-10-08T02:23:15.1793393+00:00" endTime="2019-10-08T02:23:15.1793395+00:00" testType="13cdc9d9-ddb5-4fa4-a97d-d965ccfc6d4b" outcome="Passed" testListId="8c84fa94-04c1-424b-9868-57a2d4851a1d" relativeResultsDirectory="fb340df6-e6f5-489f-a681-74a62dec5a08" />
    <UnitTestResult executionId="5ac3218b-b652-4e7e-8810-10d35bd3657c" testId="caa6a2f5-8b7f-67fd-915a-a596b0f46399" testName="LedgerAccountsTestsUnit.ControllerLedgerAccountsTemplatesTests.MVDLedgerAccountsTemplateTest.ValidateLedgerAccount_LedgerAccountWithParent_Valid" computerName="be28c97ca8a9" duration="00:00:00.5770000" startTime="2019-10-08T02:23:14.4819135+00:00" endTime="2019-10-08T02:23:14.4819138+00:00" testType="13cdc9d9-ddb5-4fa4-a97d-d965ccfc6d4b" outcome="Passed" testListId="8c84fa94-04c1-424b-9868-57a2d4851a1d" relativeResultsDirectory="5ac3218b-b652-4e7e-8810-10d35bd3657c" />
    <UnitTestResult executionId="4068a0b8-dcf4-4400-b248-01b433aec890" testId="4f10ab33-7ddb-8481-9d38-7eec2b4530dd" testName="LedgerAccountsTestsUnit.ControllerLedgerAccountsTests.MVSLedgerAccountsTests.ValidateLedgerAccount_LedgerAccount_Valid" computerName="be28c97ca8a9" duration="00:00:00.0010000" startTime="2019-10-08T02:23:15.1933300+00:00" endTime="2019-10-08T02:23:15.1933303+00:00" testType="13cdc9d9-ddb5-4fa4-a97d-d965ccfc6d4b" outcome="Passed" testListId="8c84fa94-04c1-424b-9868-57a2d4851a1d" relativeResultsDirectory="4068a0b8-dcf4-4400-b248-01b433aec890" />
    <UnitTestResult executionId="2a0d1db8-b9c8-4fc3-b47b-42698a8442d9" testId="990483ee-e952-4c7d-cfdd-1583745b5710" testName="LedgerAccountsTestsUnit.ControllerBulkProcessTests.MVASBulkProcessTests.ValidateUploadBlobAsync_BulkJson_Valid" computerName="be28c97ca8a9" duration="00:00:00.0020000" startTime="2019-10-08T02:23:13.6499001+00:00" endTime="2019-10-08T02:23:13.6499003+00:00" testType="13cdc9d9-ddb5-4fa4-a97d-d965ccfc6d4b" outcome="Passed" testListId="8c84fa94-04c1-424b-9868-57a2d4851a1d" relativeResultsDirectory="2a0d1db8-b9c8-4fc3-b47b-42698a8442d9" />
    <UnitTestResult executionId="4ce5cc0b-3a9a-4bb4-ba5c-7c61c12cff2d" testId="42bf6885-ec4e-203d-2db9-af3db55e0701" testName="LedgerAccountsTestsUnit.ControllerLedgerAccountsTests.MVDLedgerAccountsTests.ValidateLedgerAccount_ValidateLedgerAccountMex_Valid" computerName="be28c97ca8a9" duration="00:00:00.0020000" startTime="2019-10-08T02:23:15.0275606+00:00" endTime="2019-10-08T02:23:15.0275608+00:00" testType="13cdc9d9-ddb5-4fa4-a97d-d965ccfc6d4b" outcome="Passed" testListId="8c84fa94-04c1-424b-9868-57a2d4851a1d" relativeResultsDirectory="4ce5cc0b-3a9a-4bb4-ba5c-7c61c12cff2d" />
    <UnitTestResult executionId="100a9ebc-7dd9-4f1d-a0af-65ab3ec1619e" testId="91a33b2b-847e-81dc-c2b8-280747045178" testName="LedgerAccountsTestsUnit.ControllerChartOfAccountsTemplatesTests.MVDChartOfAccountsTemplatesTests.ValidateChartOfAccountsTemplate_LedgerAccountTemplateData_Exists_True" computerName="be28c97ca8a9" duration="00:00:00.0060000" startTime="2019-10-08T02:23:14.9024946+00:00" endTime="2019-10-08T02:23:14.9024950+00:00" testType="13cdc9d9-ddb5-4fa4-a97d-d965ccfc6d4b" outcome="Passed" testListId="8c84fa94-04c1-424b-9868-57a2d4851a1d" relativeResultsDirectory="100a9ebc-7dd9-4f1d-a0af-65ab3ec1619e" />
    <UnitTestResult executionId="75baebe0-d0ab-49d9-b3da-017b88d3d5df" testId="d7e9a222-9f48-bcec-be43-226ce0258ead" testName="LedgerAccountsTestsUnit.ControllerLedgerAccountsTests.MVDLedgerAccountsTests.ValidateRMLedgerAccountIdAsync_LedgerAccountId_NotFound" computerName="be28c97ca8a9" duration="00:00:00.0020000" startTime="2019-10-08T02:23:14.9933221+00:00" endTime="2019-10-08T02:23:14.9933224+00:00" testType="13cdc9d9-ddb5-4fa4-a97d-d965ccfc6d4b" outcome="Passed" testListId="8c84fa94-04c1-424b-9868-57a2d4851a1d" relativeResultsDirectory="75baebe0-d0ab-49d9-b3da-017b88d3d5df" />
    <UnitTestResult executionId="d8980b8c-7526-4ea0-afea-63a4ef68f004" testId="47b42ae3-c377-1035-04d8-4b13ab40ef7b" testName="LedgerAccountsTestsUnit.ControllerLedgerAccountsTemplatesTests.MVSLedgerAccountsTemplateTest.ValidateLedgerAccountTemplate_LedgerAccountTemplateData_EmptyValue" computerName="be28c97ca8a9" duration="00:00:00.0020000" startTime="2019-10-08T02:23:14.7302825+00:00" endTime="2019-10-08T02:23:14.7302827+00:00" testType="13cdc9d9-ddb5-4fa4-a97d-d965ccfc6d4b" outcome="Passed" testListId="8c84fa94-04c1-424b-9868-57a2d4851a1d" relativeResultsDirectory="d8980b8c-7526-4ea0-afea-63a4ef68f004" />
    <UnitTestResult executionId="eacc4d1c-2db7-4522-bb7a-cd94705a7b3b" testId="10ff3364-0549-dc20-dd0f-ee9457277357" testName="LedgerAccountsTestsUnit.ControllerBulkProcessTests.MVASBulkProcessTests.ValidateUploadBlobAsync_Bulk_EmptyValue" computerName="be28c97ca8a9" duration="00:00:00.0040000" startTime="2019-10-08T02:23:13.6476440+00:00" endTime="2019-10-08T02:23:13.6476442+00:00" testType="13cdc9d9-ddb5-4fa4-a97d-d965ccfc6d4b" outcome="Passed" testListId="8c84fa94-04c1-424b-9868-57a2d4851a1d" relativeResultsDirectory="eacc4d1c-2db7-4522-bb7a-cd94705a7b3b" />
    <UnitTestResult executionId="5d4cf4c1-b66e-4328-951d-bf8aa48553a1" testId="d6e36956-a275-bdae-1d6c-81553db35cbe" testName="LedgerAccountsTestsUnit.ControllerLedgerAccountsTemplatesTests.MCLedgerAccountsTemplateTests.GetById_LedgerAccountsTemplateExists_True" computerName="be28c97ca8a9" duration="00:00:00.0020000" startTime="2019-10-08T02:23:14.5789830+00:00" endTime="2019-10-08T02:23:14.5789836+00:00" testType="13cdc9d9-ddb5-4fa4-a97d-d965ccfc6d4b" outcome="Passed" testListId="8c84fa94-04c1-424b-9868-57a2d4851a1d" relativeResultsDirectory="5d4cf4c1-b66e-4328-951d-bf8aa48553a1" />
    <UnitTestResult executionId="cd071294-98dd-4d55-a4a3-508d07fce8c4" testId="ee893476-58c3-2b33-ffd1-d3fe259c43ff" testName="LedgerAccountsTestsUnit.ControllerBulkProcessTests.MVSBulkProcessTests.ValidateBulkType_BulkExcelFile_BulkFileEmptyValue" computerName="be28c97ca8a9" duration="00:00:00.0020000" startTime="2019-10-08T02:23:15.1530186+00:00" endTime="2019-10-08T02:23:15.1530192+00:00" testType="13cdc9d9-ddb5-4fa4-a97d-d965ccfc6d4b" outcome="Passed" testListId="8c84fa94-04c1-424b-9868-57a2d4851a1d" relativeResultsDirectory="cd071294-98dd-4d55-a4a3-508d07fce8c4" />
    <UnitTestResult executionId="df9d3dc3-cde6-41a4-880c-6bc9f843e520" testId="16efea54-15ea-4193-dfc6-2e8b93c7a72f" testName="LedgerAccountsTestsUnit.ControllerLedgerAccountsTests.MVDLedgerAccountsTests.ValidateLedgerAccount_ValidateLedgerAccountMex_SATGroupCodeIdNotExists" computerName="be28c97ca8a9" duration="00:00:00.0100000" startTime="2019-10-08T02:23:14.9907442+00:00" endTime="2019-10-08T02:23:14.9907444+00:00" testType="13cdc9d9-ddb5-4fa4-a97d-d965ccfc6d4b" outcome="Passed" testListId="8c84fa94-04c1-424b-9868-57a2d4851a1d" relativeResultsDirectory="df9d3dc3-cde6-41a4-880c-6bc9f843e520" />
    <UnitTestResult executionId="a3cc0d0b-cd76-4c17-9030-f680a40ea9db" testId="fc6fed48-a68b-c2fb-e024-e6533a630ddc" testName="LedgerAccountsTestsUnit.ControllerLedgerAccountsTests.MVSLedgerAccountsTests.ValidateLedgerAccount_LedgerAccountData_EmptyValue" computerName="be28c97ca8a9" duration="00:00:00.0010000" startTime="2019-10-08T02:23:15.1769876+00:00" endTime="2019-10-08T02:23:15.1769878+00:00" testType="13cdc9d9-ddb5-4fa4-a97d-d965ccfc6d4b" outcome="Passed" testListId="8c84fa94-04c1-424b-9868-57a2d4851a1d" relativeResultsDirectory="a3cc0d0b-cd76-4c17-9030-f680a40ea9db" />
    <UnitTestResult executionId="6d4f98a9-aa3d-4941-8044-d1e68777732c" testId="79397d54-0fad-6406-f5c6-b8aefe46e514" testName="LedgerAccountsTestsUnit.ControllerLedgerAccountsTests.MVDLedgerAccountsTests.ValidateLedgerAccount_LedgerAccount_AdjunctAccountIdNotExists" computerName="be28c97ca8a9" duration="00:00:00.0040000" startTime="2019-10-08T02:23:14.9315766+00:00" endTime="2019-10-08T02:23:14.9315771+00:00" testType="13cdc9d9-ddb5-4fa4-a97d-d965ccfc6d4b" outcome="Passed" testListId="8c84fa94-04c1-424b-9868-57a2d4851a1d" relativeResultsDirectory="6d4f98a9-aa3d-4941-8044-d1e68777732c" />
    <UnitTestResult executionId="685a0f4a-1e47-41d6-b210-55eddfc45f15" testId="85b1ba95-50d3-d547-fbc7-733be3400369" testName="LedgerAccountsTestsUnit.ControllerLedgerAccountsTemplatesTests.MVSLedgerAccountsTemplateTest.ValidateLedgerAccountTemplate_LedgerAccountTemplate_Empty" computerName="be28c97ca8a9" duration="00:00:00.0010000" startTime="2019-10-08T02:23:14.7535987+00:00" endTime="2019-10-08T02:23:14.7535988+00:00" testType="13cdc9d9-ddb5-4fa4-a97d-d965ccfc6d4b" outcome="Passed" testListId="8c84fa94-04c1-424b-9868-57a2d4851a1d" relativeResultsDirectory="685a0f4a-1e47-41d6-b210-55eddfc45f15" />
    <UnitTestResult executionId="b1174364-26cd-4985-9a2c-d953eec83b19" testId="3b9568d8-bcb9-9cdd-f00d-e02a45696099" testName="LedgerAccountsTestsUnit.ControllerLedgerAccountsTemplatesTests.MVSLedgerAccountsTemplateTest.ValidateLedgerAccountTemplatePatch_LedgerAccountTemplate_BadFormat" computerName="be28c97ca8a9" duration="00:00:00.0010000" startTime="2019-10-08T02:23:14.7333523+00:00" endTime="2019-10-08T02:23:14.7333525+00:00" testType="13cdc9d9-ddb5-4fa4-a97d-d965ccfc6d4b" outcome="Passed" testListId="8c84fa94-04c1-424b-9868-57a2d4851a1d" relativeResultsDirectory="b1174364-26cd-4985-9a2c-d953eec83b19" />
    <UnitTestResult executionId="1ee02483-d931-42cb-a095-0520b2072258" testId="ba7dc121-e1aa-65d7-5998-3a6bc2f5f9a4" testName="LedgerAccountsTestsUnit.ControllerLedgerAccountsTemplatesTests.MVSLedgerAccountsTemplateTest.ValidateLedgerAccountTemplatePatch_LedgerAccountTemplate_PathNotFound" computerName="be28c97ca8a9" duration="00:00:00.0170000" startTime="2019-10-08T02:23:14.7506117+00:00" endTime="2019-10-08T02:23:14.7506121+00:00" testType="13cdc9d9-ddb5-4fa4-a97d-d965ccfc6d4b" outcome="Passed" testListId="8c84fa94-04c1-424b-9868-57a2d4851a1d" relativeResultsDirectory="1ee02483-d931-42cb-a095-0520b2072258" />
    <UnitTestResult executionId="bb251ea9-2619-4a40-b5c4-41447ff845f0" testId="4142da6d-0807-708a-7109-7b53f6f80e3a" testName="LedgerAccountsTestsUnit.ControllerBulkProcessTests.MVSBulkProcessTests.ValidateBulkType_BulkJson_Valid" computerName="be28c97ca8a9" duration="00:00:00.2440000" startTime="2019-10-08T02:23:14.9146920+00:00" endTime="2019-10-08T02:23:14.9146925+00:00" testType="13cdc9d9-ddb5-4fa4-a97d-d965ccfc6d4b" outcome="Passed" testListId="8c84fa94-04c1-424b-9868-57a2d4851a1d" relativeResultsDirectory="bb251ea9-2619-4a40-b5c4-41447ff845f0" />
    <UnitTestResult executionId="5f4bb5f8-fd14-4a7d-b064-5d2487e49881" testId="9d0e583f-c60a-7e42-5546-80264c49e9dd" testName="LedgerAccountsTestsUnit.ControllerBulkProcessTests.MVSBulkProcessTests.ValidateBulkType_Bulk_BadFormat" computerName="be28c97ca8a9" duration="00:00:00.0140000" startTime="2019-10-08T02:23:14.9287283+00:00" endTime="2019-10-08T02:23:14.9287286+00:00" testType="13cdc9d9-ddb5-4fa4-a97d-d965ccfc6d4b" outcome="Passed" testListId="8c84fa94-04c1-424b-9868-57a2d4851a1d" relativeResultsDirectory="5f4bb5f8-fd14-4a7d-b064-5d2487e49881" />
    <UnitTestResult executionId="c41ec0b1-31a0-4767-9d63-e55e36efa6ae" testId="62c83675-ccc5-4306-36b2-fa7d4c374447" testName="LedgerAccountsTestsUnit.ControllerLedgerAccountsTests.MVDLedgerAccountsTests.ValidateLedgerAccountBulkAsync_LedgerAccounts_ShortNumberDuplicate" computerName="be28c97ca8a9" duration="00:00:00.0040000" startTime="2019-10-08T02:23:14.9970692+00:00" endTime="2019-10-08T02:23:14.9970695+00:00" testType="13cdc9d9-ddb5-4fa4-a97d-d965ccfc6d4b" outcome="Passed" testListId="8c84fa94-04c1-424b-9868-57a2d4851a1d" relativeResultsDirectory="c41ec0b1-31a0-4767-9d63-e55e36efa6ae" />
    <UnitTestResult executionId="daaaa744-f91d-49f1-870d-ff102470bead" testId="50ea9b19-03c3-5c47-c414-6b621433e82e" testName="LedgerAccountsTestsUnit.ControllerLedgerAccountsTests.MCLedgerAccountsTests.GetById_LedgerAccountExists_NotFound" computerName="be28c97ca8a9" duration="00:00:00.0020000" startTime="2019-10-08T02:23:14.5885459+00:00" endTime="2019-10-08T02:23:14.5885461+00:00" testType="13cdc9d9-ddb5-4fa4-a97d-d965ccfc6d4b" outcome="Passed" testListId="8c84fa94-04c1-424b-9868-57a2d4851a1d" relativeResultsDirectory="daaaa744-f91d-49f1-870d-ff102470bead" />
    <UnitTestResult executionId="1be29f93-a465-43d3-aa3e-f8c0393f1e2c" testId="4a0bd65a-2cec-42fb-8f41-e0a627f89a82" testName="LedgerAccountsTestsUnit.ControllerLedgerAccountsTests.MVSLedgerAccountsTests.ValidateLedgerAccountPatch_LedgerAccount_PathNotFound" computerName="be28c97ca8a9" duration="00:00:00.0050000" startTime="2019-10-08T02:23:15.1991575+00:00" endTime="2019-10-08T02:23:15.1991578+00:00" testType="13cdc9d9-ddb5-4fa4-a97d-d965ccfc6d4b" outcome="Passed" testListId="8c84fa94-04c1-424b-9868-57a2d4851a1d" relativeResultsDirectory="1be29f93-a465-43d3-aa3e-f8c0393f1e2c" />
    <UnitTestResult executionId="7a1d3744-b1c1-4574-8b56-eddabdf7d4c4" testId="c94ac85e-b89c-3a71-a33a-1f01ecd8b5e6" testName="LedgerAccountsTestsUnit.ControllerBulkProcessTests.MVASBulkProcessTests.ValidateUploadBlobAsync_BulkExcelFile_Valid" computerName="be28c97ca8a9" duration="00:00:00.0180000" startTime="2019-10-08T02:23:13.6701989+00:00" endTime="2019-10-08T02:23:13.6701993+00:00" testType="13cdc9d9-ddb5-4fa4-a97d-d965ccfc6d4b" outcome="Passed" testListId="8c84fa94-04c1-424b-9868-57a2d4851a1d" relativeResultsDirectory="7a1d3744-b1c1-4574-8b56-eddabdf7d4c4" />
    <UnitTestResult executionId="d93fd269-1e74-43cb-848a-d01ae524fd22" testId="7694daf5-eb1b-51c3-aaad-b3018843feab" testName="LedgerAccountsTestsUnit.ControllerBulkProcessTests.MVASBulkProcessTests.ValidateDownloadFileAsync_Bulk_Valid" computerName="be28c97ca8a9" duration="00:00:00.0030000" startTime="2019-10-08T02:23:13.6525667+00:00" endTime="2019-10-08T02:23:13.6525669+00:00" testType="13cdc9d9-ddb5-4fa4-a97d-d965ccfc6d4b" outcome="Passed" testListId="8c84fa94-04c1-424b-9868-57a2d4851a1d" relativeResultsDirectory="d93fd269-1e74-43cb-848a-d01ae524fd22" />
    <UnitTestResult executionId="c1a574f1-03b7-4b03-b0d5-ef9624d12f2e" testId="8a364581-cd16-0363-4d00-14364dfaa9c1" testName="LedgerAccountsTestsUnit.ControllerBulkProcessTests.MVSBulkProcessTests.ValidateBulkType_BulkExcelFile_Valid" computerName="be28c97ca8a9" duration="00:00:00.2220000" startTime="2019-10-08T02:23:15.1506560+00:00" endTime="2019-10-08T02:23:15.1506565+00:00" testType="13cdc9d9-ddb5-4fa4-a97d-d965ccfc6d4b" outcome="Passed" testListId="8c84fa94-04c1-424b-9868-57a2d4851a1d" relativeResultsDirectory="c1a574f1-03b7-4b03-b0d5-ef9624d12f2e" />
    <UnitTestResult executionId="da9805b8-f771-4c55-bb20-89f511d311fa" testId="03828866-de35-8431-c249-553660b71d3c" testName="LedgerAccountsTestsUnit.ControllerLedgerAccountsTests.MCLedgerAccountsTests.Get_LedgerAccountExists_True" computerName="be28c97ca8a9" duration="00:00:00.6360000" startTime="2019-10-08T02:23:14.5496391+00:00" endTime="2019-10-08T02:23:14.5496394+00:00" testType="13cdc9d9-ddb5-4fa4-a97d-d965ccfc6d4b" outcome="Passed" testListId="8c84fa94-04c1-424b-9868-57a2d4851a1d" relativeResultsDirectory="da9805b8-f771-4c55-bb20-89f511d311fa" />
    <UnitTestResult executionId="56690e77-8a65-420d-9924-31cc4f312a2e" testId="10f42425-18c9-b34b-afa3-22d4108773f7" testName="LedgerAccountsTestsUnit.ControllerLedgerAccountsTemplatesTests.MVSLedgerAccountsTemplateTest.ValidateLedgerAccountTemplateMex_LedgerAccountTemplateMex_NullValid" computerName="be28c97ca8a9" duration="00:00:00.0010000" startTime="2019-10-08T02:23:14.7536331+00:00" endTime="2019-10-08T02:23:14.7536331+00:00" testType="13cdc9d9-ddb5-4fa4-a97d-d965ccfc6d4b" outcome="Passed" testListId="8c84fa94-04c1-424b-9868-57a2d4851a1d" relativeResultsDirectory="56690e77-8a65-420d-9924-31cc4f312a2e" />
    <UnitTestResult executionId="2cc1ccb2-9860-406e-a866-faf54af4c8fd" testId="56492a36-dd6d-ec61-a985-1a70788948e6" testName="LedgerAccountsTestsUnit.ControllerLedgerAccountsTests.MVSLedgerAccountsTests.ValidateLedgerAccount_LedgerAccountData_BadFormat" computerName="be28c97ca8a9" duration="00:00:00.0010000" startTime="2019-10-08T02:23:15.1926761+00:00" endTime="2019-10-08T02:23:15.1926763+00:00" testType="13cdc9d9-ddb5-4fa4-a97d-d965ccfc6d4b" outcome="Passed" testListId="8c84fa94-04c1-424b-9868-57a2d4851a1d" relativeResultsDirectory="2cc1ccb2-9860-406e-a866-faf54af4c8fd" />
    <UnitTestResult executionId="1422dc38-0980-4b27-889f-a89ebe4096e1" testId="c7ffa5f3-fab9-1ced-6cff-2889d278c8b9" testName="LedgerAccountsTestsUnit.ControllerLedgerAccountsTemplatesTests.MCLedgerAccountsTemplateTests.GetLedgerAccountsTemplateExistsNoRedis_True" computerName="be28c97ca8a9" duration="00:00:00.0500000" startTime="2019-10-08T02:23:14.5283353+00:00" endTime="2019-10-08T02:23:14.5283357+00:00" testType="13cdc9d9-ddb5-4fa4-a97d-d965ccfc6d4b" outcome="Passed" testListId="8c84fa94-04c1-424b-9868-57a2d4851a1d" relativeResultsDirectory="1422dc38-0980-4b27-889f-a89ebe4096e1" />
    <UnitTestResult executionId="13e6ec56-90ea-42ba-92f5-877f6021038a" testId="ef1144cf-6f0d-c21a-76dd-1b08812b9f6c" testName="LedgerAccountsTestsUnit.ControllerLedgerAccountsTests.MVSLedgerAccountsTests.ValidateLedgerAccountBulk_LedgerAccounts_Invalid" computerName="be28c97ca8a9" duration="00:00:00.0630000" startTime="2019-10-08T02:23:14.5972902+00:00" endTime="2019-10-08T02:23:14.5972906+00:00" testType="13cdc9d9-ddb5-4fa4-a97d-d965ccfc6d4b" outcome="Passed" testListId="8c84fa94-04c1-424b-9868-57a2d4851a1d" relativeResultsDirectory="13e6ec56-90ea-42ba-92f5-877f6021038a" />
    <UnitTestResult executionId="3865767b-5d3e-46bc-a0a1-ea67b0950dae" testId="c0cdc76a-7bdd-0bb6-d3a7-52eb80e135f7" testName="LedgerAccountsTestsUnit.ControllerLedgerAccountsTemplatesTests.MVSLedgerAccountsTemplateTest.ValidateLedgerAccountTemplate_LedgerAccountTemplateData_MaxLength" computerName="be28c97ca8a9" duration="00:00:00.0060000" startTime="2019-10-08T02:23:14.8102648+00:00" endTime="2019-10-08T02:23:14.8102650+00:00" testType="13cdc9d9-ddb5-4fa4-a97d-d965ccfc6d4b" outcome="Passed" testListId="8c84fa94-04c1-424b-9868-57a2d4851a1d" relativeResultsDirectory="3865767b-5d3e-46bc-a0a1-ea67b0950dae" />
    <UnitTestResult executionId="98d9b2d1-918e-4417-bf50-687c3d65cd8b" testId="6cef706a-7e9a-c974-bbf6-bb5d4bbe76c4" testName="LedgerAccountsTestsUnit.ControllerChartOfAccountsTemplatesTests.MVSChartOfAccountsTemplatesTests.ValidateChartOfAccountsTemplate_ChartOfAccountsTemplateData_EmptyValue" computerName="be28c97ca8a9" duration="00:00:00.0130000" startTime="2019-10-08T02:23:14.6798844+00:00" endTime="2019-10-08T02:23:14.6798849+00:00" testType="13cdc9d9-ddb5-4fa4-a97d-d965ccfc6d4b" outcome="Passed" testListId="8c84fa94-04c1-424b-9868-57a2d4851a1d" relativeResultsDirectory="98d9b2d1-918e-4417-bf50-687c3d65cd8b" />
    <UnitTestResult executionId="a6917a41-59b0-4b9a-94e3-169bbb7a08a0" testId="2df028b4-f625-fcad-f82e-690bb0ff82e6" testName="LedgerAccountsTestsUnit.ControllerLedgerAccountsTemplatesTests.MVDLedgerAccountsTemplateTest.ValidateLedgerAccount_ValidateLedgerAccountMex_SATGroupCodeIdNotExists" computerName="be28c97ca8a9" duration="00:00:00.0610000" startTime="2019-10-08T02:23:14.5484356+00:00" endTime="2019-10-08T02:23:14.5484358+00:00" testType="13cdc9d9-ddb5-4fa4-a97d-d965ccfc6d4b" outcome="Passed" testListId="8c84fa94-04c1-424b-9868-57a2d4851a1d" relativeResultsDirectory="a6917a41-59b0-4b9a-94e3-169bbb7a08a0" />
    <UnitTestResult executionId="7dc6f2fe-dcde-4897-a738-4431e4de57d0" testId="639cb823-a342-58a2-44aa-413bfac348c6" testName="LedgerAccountsTestsUnit.ControllerLedgerAccountsTemplatesTests.MCLedgerAccountsTemplateTests.GetById_LedgerAccountTemplateExists_False" computerName="be28c97ca8a9" duration="00:00:00.0180000" startTime="2019-10-08T02:23:14.4787022+00:00" endTime="2019-10-08T02:23:14.4787026+00:00" testType="13cdc9d9-ddb5-4fa4-a97d-d965ccfc6d4b" outcome="Passed" testListId="8c84fa94-04c1-424b-9868-57a2d4851a1d" relativeResultsDirectory="7dc6f2fe-dcde-4897-a738-4431e4de57d0" />
    <UnitTestResult executionId="dab46c23-ce96-479f-9f68-cb74f1bf192d" testId="b1e0b244-63c1-2ddb-4557-b899118031bc" testName="LedgerAccountsTestsUnit.ControllerChartOfAccountsTemplatesTests.MCChartOfAccountsTemplatesTests.GetById_LedgerAccountExists_True" computerName="be28c97ca8a9" duration="00:00:00.0180000" startTime="2019-10-08T02:23:14.7353548+00:00" endTime="2019-10-08T02:23:14.7353550+00:00" testType="13cdc9d9-ddb5-4fa4-a97d-d965ccfc6d4b" outcome="Passed" testListId="8c84fa94-04c1-424b-9868-57a2d4851a1d" relativeResultsDirectory="dab46c23-ce96-479f-9f68-cb74f1bf192d" />
    <UnitTestResult executionId="23361493-0e00-4fcf-8f85-c38788297c54" testId="6c966fd0-4ce7-3108-e9b7-b1b22c40a506" testName="LedgerAccountsTestsUnit.ControllerLedgerAccountsTemplatesTests.MCLedgerAccountsTemplateTests.GetById_LedgerAccountWithSubAccountsExists_True" computerName="be28c97ca8a9" duration="00:00:00.0140000" startTime="2019-10-08T02:23:14.5626866+00:00" endTime="2019-10-08T02:23:14.5626869+00:00" testType="13cdc9d9-ddb5-4fa4-a97d-d965ccfc6d4b" outcome="Passed" testListId="8c84fa94-04c1-424b-9868-57a2d4851a1d" relativeResultsDirectory="23361493-0e00-4fcf-8f85-c38788297c54" />
    <UnitTestResult executionId="f03c6300-fd35-45a7-9f72-5c38019fba72" testId="de46ad76-6462-2f4f-281e-97d00124ad96" testName="LedgerAccountsTestsUnit.ControllerLedgerAccountsTests.MVDLedgerAccountsTests.ValidateLedgerAccount_LedgerAccountAdjunctAccount_Valid" computerName="be28c97ca8a9" duration="00:00:00.0030000" startTime="2019-10-08T02:23:15.0222236+00:00" endTime="2019-10-08T02:23:15.0222238+00:00" testType="13cdc9d9-ddb5-4fa4-a97d-d965ccfc6d4b" outcome="Passed" testListId="8c84fa94-04c1-424b-9868-57a2d4851a1d" relativeResultsDirectory="f03c6300-fd35-45a7-9f72-5c38019fba72" />
    <UnitTestResult executionId="a561620e-5295-44d7-a517-b48b8c600891" testId="6d776d2b-76d4-64d6-2e90-3a86526c3513" testName="LedgerAccountsTestsUnit.ControllerChartOfAccountsTemplatesTests.MVSChartOfAccountsTemplatesTests.ValidateChartOfAccountsTemplate_ChartOfAccountsTemplate_Valid" computerName="be28c97ca8a9" duration="00:00:00.0220000" startTime="2019-10-08T02:23:14.6664074+00:00" endTime="2019-10-08T02:23:14.6664079+00:00" testType="13cdc9d9-ddb5-4fa4-a97d-d965ccfc6d4b" outcome="Passed" testListId="8c84fa94-04c1-424b-9868-57a2d4851a1d" relativeResultsDirectory="a561620e-5295-44d7-a517-b48b8c600891" />
    <UnitTestResult executionId="12afc7e0-5f56-412f-be30-c8bfe005bc31" testId="8376fa11-4404-34a3-36c3-16e2726e0d75" testName="LedgerAccountsTestsUnit.ControllerChartOfAccountsTemplatesTests.MVSChartOfAccountsTemplatesTests.ValidateChartOfAccountsTemplate_ChartOfAccountsTemplate_Empty" computerName="be28c97ca8a9" duration="00:00:00.0020000" startTime="2019-10-08T02:23:14.6941919+00:00" endTime="2019-10-08T02:23:14.6941921+00:00" testType="13cdc9d9-ddb5-4fa4-a97d-d965ccfc6d4b" outcome="Passed" testListId="8c84fa94-04c1-424b-9868-57a2d4851a1d" relativeResultsDirectory="12afc7e0-5f56-412f-be30-c8bfe005bc31" />
    <UnitTestResult executionId="96a80077-8a6b-41b1-9609-a269ca6add12" testId="ecb44140-0aeb-d9f3-531e-30119e8bfc74" testName="LedgerAccountsTestsUnit.ControllerLedgerAccountsTests.MVSLedgerAccountsTests.ValidateLedgerAccountBulkExcelFile_LedgerAccounts_Valid" computerName="be28c97ca8a9" duration="00:00:00.5780000" startTime="2019-10-08T02:23:15.1754600+00:00" endTime="2019-10-08T02:23:15.1754605+00:00" testType="13cdc9d9-ddb5-4fa4-a97d-d965ccfc6d4b" outcome="Passed" testListId="8c84fa94-04c1-424b-9868-57a2d4851a1d" relativeResultsDirectory="96a80077-8a6b-41b1-9609-a269ca6add12" />
    <UnitTestResult executionId="57f54a93-6534-4956-a758-ab9f7015b3cf" testId="1638c037-74aa-8a07-7592-caff6b8dd076" testName="LedgerAccountsTestsUnit.ControllerLedgerAccountsTests.MCLedgerAccountsTests.Get_LedgerAccountExists_NotFound" computerName="be28c97ca8a9" duration="00:00:00.0030000" startTime="2019-10-08T02:23:14.6350882+00:00" endTime="2019-10-08T02:23:14.6350884+00:00" testType="13cdc9d9-ddb5-4fa4-a97d-d965ccfc6d4b" outcome="Passed" testListId="8c84fa94-04c1-424b-9868-57a2d4851a1d" relativeResultsDirectory="57f54a93-6534-4956-a758-ab9f7015b3cf" />
    <UnitTestResult executionId="56df5122-8390-4963-831f-c925440a02d9" testId="dd788d37-725b-fe07-b615-7163d4649b81" testName="LedgerAccountsTestsUnit.ControllerLedgerAccountsTemplatesTests.MVSLedgerAccountsTemplateTest.ValidateLedgerAccountTemplate_LedgerAccountTemplate_Valid" computerName="be28c97ca8a9" duration="00:00:00.0010000" startTime="2019-10-08T02:23:14.7768067+00:00" endTime="2019-10-08T02:23:14.7768069+00:00" testType="13cdc9d9-ddb5-4fa4-a97d-d965ccfc6d4b" outcome="Passed" testListId="8c84fa94-04c1-424b-9868-57a2d4851a1d" relativeResultsDirectory="56df5122-8390-4963-831f-c925440a02d9" />
    <UnitTestResult executionId="28697ab5-af1a-4fef-94bf-08b96438bc0b" testId="26cdb627-11e8-d924-d1ae-1be82e706ff4" testName="LedgerAccountsTestsUnit.ControllerLedgerAccountsTemplatesTests.MCLedgerAccountsTemplateTests.GetById_LedgerAccountExists_False" computerName="be28c97ca8a9" duration="00:00:00.5490000" startTime="2019-10-08T02:23:14.4607809+00:00" endTime="2019-10-08T02:23:14.4607813+00:00" testType="13cdc9d9-ddb5-4fa4-a97d-d965ccfc6d4b" outcome="Passed" testListId="8c84fa94-04c1-424b-9868-57a2d4851a1d" relativeResultsDirectory="28697ab5-af1a-4fef-94bf-08b96438bc0b" />
    <UnitTestResult executionId="046af5f9-8d35-4955-9ba8-8d2f23452bf0" testId="dd0d522c-bc71-9c7b-50b4-2d732a48ef95" testName="LedgerAccountsTestsUnit.ControllerLedgerAccountsTests.MVSLedgerAccountsTests.ValidateLedgerAccount_LedgerAccountData_MaxLength" computerName="be28c97ca8a9" duration="00:00:00.0010000" startTime="2019-10-08T02:23:15.1940486+00:00" endTime="2019-10-08T02:23:15.1940488+00:00" testType="13cdc9d9-ddb5-4fa4-a97d-d965ccfc6d4b" outcome="Passed" testListId="8c84fa94-04c1-424b-9868-57a2d4851a1d" relativeResultsDirectory="046af5f9-8d35-4955-9ba8-8d2f23452bf0" />
    <UnitTestResult executionId="0956ccad-8353-496e-8f8c-aca21138c6cc" testId="133616d5-ea08-ca20-71a6-2c0f51e176bb" testName="LedgerAccountsTestsUnit.ControllerLedgerAccountsTemplatesTests.MVDLedgerAccountsTemplateTest.ValidateLedgerAccountTemplate_LedgerAccountTemplateWith_SubtypeNotInEnum" computerName="be28c97ca8a9" duration="00:00:00.0020000" startTime="2019-10-08T02:23:14.6255239+00:00" endTime="2019-10-08T02:23:14.6255241+00:00" testType="13cdc9d9-ddb5-4fa4-a97d-d965ccfc6d4b" outcome="Passed" testListId="8c84fa94-04c1-424b-9868-57a2d4851a1d" relativeResultsDirectory="0956ccad-8353-496e-8f8c-aca21138c6cc" />
    <UnitTestResult executionId="054f26f7-06cf-49c0-b475-7de241ac5d1a" testId="bd3ad5b5-28cb-792b-6e7d-985df4b0fc14" testName="LedgerAccountsTestsUnit.ControllerLedgerAccountsTests.MVDLedgerAccountsTests.ValidateRMLedgerAccountIdAsync_LedgerAccountId_Valid" computerName="be28c97ca8a9" duration="00:00:00.0160000" startTime="2019-10-08T02:23:14.9539622+00:00" endTime="2019-10-08T02:23:14.9539626+00:00" testType="13cdc9d9-ddb5-4fa4-a97d-d965ccfc6d4b" outcome="Passed" testListId="8c84fa94-04c1-424b-9868-57a2d4851a1d" relativeResultsDirectory="054f26f7-06cf-49c0-b475-7de241ac5d1a" />
    <UnitTestResult executionId="8a38804f-e486-4930-a565-05714be923ab" testId="813756db-879a-2b26-824c-88aebc2e0670" testName="LedgerAccountsTestsUnit.ControllerLedgerAccountsTests.MCLedgerAccountsTests.Get_LedgerAccountExistsNoRedis_True" computerName="be28c97ca8a9" duration="00:00:00.0060000" startTime="2019-10-08T02:23:14.5976050+00:00" endTime="2019-10-08T02:23:14.5976051+00:00" testType="13cdc9d9-ddb5-4fa4-a97d-d965ccfc6d4b" outcome="Passed" testListId="8c84fa94-04c1-424b-9868-57a2d4851a1d" relativeResultsDirectory="8a38804f-e486-4930-a565-05714be923ab" />
    <UnitTestResult executionId="6bb7fc0c-737f-4d90-b617-b61456861acc" testId="a2bbec36-e6df-d585-1e09-ab45431c2cd4" testName="LedgerAccountsTestsUnit.ControllerChartOfAccountsTemplatesTests.MCChartOfAccountsTemplatesTests.GetById_LedgerAccountExists_False" computerName="be28c97ca8a9" duration="00:00:00.0040000" startTime="2019-10-08T02:23:14.7928029+00:00" endTime="2019-10-08T02:23:14.7928035+00:00" testType="13cdc9d9-ddb5-4fa4-a97d-d965ccfc6d4b" outcome="Passed" testListId="8c84fa94-04c1-424b-9868-57a2d4851a1d" relativeResultsDirectory="6bb7fc0c-737f-4d90-b617-b61456861acc" />
    <UnitTestResult executionId="e14d2233-7545-492f-9585-f811f62ed18f" testId="98bcba45-6ae7-57f4-4b64-0c68d6376ac8" testName="LedgerAccountsTestsUnit.ControllerLedgerAccountsTemplatesTests.MVDLedgerAccountsTemplateTest.ValidateLedgerAccount_LedgerAccount_ParentNotExists" computerName="be28c97ca8a9" duration="00:00:00.0160000" startTime="2019-10-08T02:23:14.5840814+00:00" endTime="2019-10-08T02:23:14.5840817+00:00" testType="13cdc9d9-ddb5-4fa4-a97d-d965ccfc6d4b" outcome="Passed" testListId="8c84fa94-04c1-424b-9868-57a2d4851a1d" relativeResultsDirectory="e14d2233-7545-492f-9585-f811f62ed18f" />
    <UnitTestResult executionId="3af29d4d-5da1-4f37-9a1b-b1e836e6a66c" testId="3d890957-ceb5-8d2d-f025-c8b47fff8889" testName="LedgerAccountsTestsUnit.ControllerLedgerAccountsTemplatesTests.MVSLedgerAccountsTemplateTest.ValidateLedgerAccountTemplate_LedgerAccountTemplateData_BadFormat" computerName="be28c97ca8a9" duration="00:00:00.0120000" startTime="2019-10-08T02:23:14.7285427+00:00" endTime="2019-10-08T02:23:14.7285431+00:00" testType="13cdc9d9-ddb5-4fa4-a97d-d965ccfc6d4b" outcome="Passed" testListId="8c84fa94-04c1-424b-9868-57a2d4851a1d" relativeResultsDirectory="3af29d4d-5da1-4f37-9a1b-b1e836e6a66c" />
    <UnitTestResult executionId="f8f25ac3-72a6-42e6-b321-da8483dd0ed4" testId="ec74eab5-f6cc-b20e-a61c-5d7e22c005e6" testName="LedgerAccountsTestsUnit.ControllerLedgerAccountsTemplatesTests.MCLedgerAccountsTemplateTests.GetLedgerAccountsTemplateExistsWhitRedis_True" computerName="be28c97ca8a9" duration="00:00:00.0080000" startTime="2019-10-08T02:23:14.5706905+00:00" endTime="2019-10-08T02:23:14.5706907+00:00" testType="13cdc9d9-ddb5-4fa4-a97d-d965ccfc6d4b" outcome="Passed" testListId="8c84fa94-04c1-424b-9868-57a2d4851a1d" relativeResultsDirectory="f8f25ac3-72a6-42e6-b321-da8483dd0ed4" />
  </Results>
  <TestDefinitions>
    <UnitTest name="LedgerAccountsTestsUnit.ControllerLedgerAccountsTemplatesTests.MVDLedgerAccountsTemplateTest.ValidateLedgerAccountTemplate_LedgerAccountTemplateWith_NotInEnum" storage="/app/ledgeraccountstestsunit.dll" id="b841bde9-0934-7ca1-5fd8-001f40657d88">
      <Execution id="aa1d0481-e7e2-4598-b7ef-1a01c10a8b8f" />
      <TestMethod codeBase="/app/LedgerAccountsTestsUnit.dll" adapterTypeName="executor://xunit/VsTestRunner2/netcoreapp" className="LedgerAccountsTestsUnit.ControllerLedgerAccountsTemplatesTests.MVDLedgerAccountsTemplateTest" name="LedgerAccountsTestsUnit.ControllerLedgerAccountsTemplatesTests.MVDLedgerAccountsTemplateTest.ValidateLedgerAccountTemplate_LedgerAccountTemplateWith_NotInEnum" />
    </UnitTest>
    <UnitTest name="LedgerAccountsTestsUnit.ControllerLedgerAccountsTemplatesTests.MCLedgerAccountsTemplateTests.GetById_LedgerAccountWithSubAccountsExists_True" storage="/app/ledgeraccountstestsunit.dll" id="6c966fd0-4ce7-3108-e9b7-b1b22c40a506">
      <Execution id="23361493-0e00-4fcf-8f85-c38788297c54" />
      <TestMethod codeBase="/app/LedgerAccountsTestsUnit.dll" adapterTypeName="executor://xunit/VsTestRunner2/netcoreapp" className="LedgerAccountsTestsUnit.ControllerLedgerAccountsTemplatesTests.MCLedgerAccountsTemplateTests" name="LedgerAccountsTestsUnit.ControllerLedgerAccountsTemplatesTests.MCLedgerAccountsTemplateTests.GetById_LedgerAccountWithSubAccountsExists_True" />
    </UnitTest>
    <UnitTest name="LedgerAccountsTestsUnit.ControllerBulkProcessTests.MVASBulkProcessTests.ValidateUploadBlobAsync_Bulk_BulkUploadFail" storage="/app/ledgeraccountstestsunit.dll" id="a6dcb79b-c0e5-ea50-3563-5c6bfc8c6f6f">
      <Execution id="3a8bc2c8-17ce-447c-b0c2-f3beba811fc1" />
      <TestMethod codeBase="/app/LedgerAccountsTestsUnit.dll" adapterTypeName="executor://xunit/VsTestRunner2/netcoreapp" className="LedgerAccountsTestsUnit.ControllerBulkProcessTests.MVASBulkProcessTests" name="LedgerAccountsTestsUnit.ControllerBulkProcessTests.MVASBulkProcessTests.ValidateUploadBlobAsync_Bulk_BulkUploadFail" />
    </UnitTest>
    <UnitTest name="LedgerAccountsTestsUnit.ControllerLedgerAccountsTests.MVDLedgerAccountsTests.ValidateLedgerAccount_LedgerAccountWithParent_Valid" storage="/app/ledgeraccountstestsunit.dll" id="c7b68479-6745-da9c-f3cd-3f519e7363e0">
      <Execution id="363f9fcf-f2d8-4b1b-8236-0e5d9961896e" />
      <TestMethod codeBase="/app/LedgerAccountsTestsUnit.dll" adapterTypeName="executor://xunit/VsTestRunner2/netcoreapp" className="LedgerAccountsTestsUnit.ControllerLedgerAccountsTests.MVDLedgerAccountsTests" name="LedgerAccountsTestsUnit.ControllerLedgerAccountsTests.MVDLedgerAccountsTests.ValidateLedgerAccount_LedgerAccountWithParent_Valid" />
    </UnitTest>
    <UnitTest name="LedgerAccountsTestsUnit.ControllerLedgerAccountsTemplatesTests.MCLedgerAccountsTemplateTests.GetById_LedgerAccountExists_False" storage="/app/ledgeraccountstestsunit.dll" id="26cdb627-11e8-d924-d1ae-1be82e706ff4">
      <Execution id="28697ab5-af1a-4fef-94bf-08b96438bc0b" />
      <TestMethod codeBase="/app/LedgerAccountsTestsUnit.dll" adapterTypeName="executor://xunit/VsTestRunner2/netcoreapp" className="LedgerAccountsTestsUnit.ControllerLedgerAccountsTemplatesTests.MCLedgerAccountsTemplateTests" name="LedgerAccountsTestsUnit.ControllerLedgerAccountsTemplatesTests.MCLedgerAccountsTemplateTests.GetById_LedgerAccountExists_False" />
    </UnitTest>
    <UnitTest name="LedgerAccountsTestsUnit.ControllerLedgerAccountsTests.MCLedgerAccountsTests.GetById_LedgerAccountExists_NotFound" storage="/app/ledgeraccountstestsunit.dll" id="50ea9b19-03c3-5c47-c414-6b621433e82e">
      <Execution id="daaaa744-f91d-49f1-870d-ff102470bead" />
      <TestMethod codeBase="/app/LedgerAccountsTestsUnit.dll" adapterTypeName="executor://xunit/VsTestRunner2/netcoreapp" className="LedgerAccountsTestsUnit.ControllerLedgerAccountsTests.MCLedgerAccountsTests" name="LedgerAccountsTestsUnit.ControllerLedgerAccountsTests.MCLedgerAccountsTests.GetById_LedgerAccountExists_NotFound" />
    </UnitTest>
    <UnitTest name="LedgerAccountsTestsUnit.ControllerLedgerAccountsTemplatesTests.MVDLedgerAccountsTemplateTest.ValidateDBMLedgerAccountTemplateIdAsync_LedgerAccountTemplateId_Valid" storage="/app/ledgeraccountstestsunit.dll" id="3d61733c-7e1d-900f-5132-a53fa52b9525">
      <Execution id="bea8c2ca-8fce-4e56-b462-0054cb8a8f51" />
      <TestMethod codeBase="/app/LedgerAccountsTestsUnit.dll" adapterTypeName="executor://xunit/VsTestRunner2/netcoreapp" className="LedgerAccountsTestsUnit.ControllerLedgerAccountsTemplatesTests.MVDLedgerAccountsTemplateTest" name="LedgerAccountsTestsUnit.ControllerLedgerAccountsTemplatesTests.MVDLedgerAccountsTemplateTest.ValidateDBMLedgerAccountTemplateIdAsync_LedgerAccountTemplateId_Valid" />
    </UnitTest>
    <UnitTest name="LedgerAccountsTestsUnit.ControllerBulkProcessTests.MVASBulkProcessTests.ValidateDownloadFileAsync_Bulk_BulkUploadFail" storage="/app/ledgeraccountstestsunit.dll" id="5f95fbb5-2dff-e532-f8df-9fe0823e1f66">
      <Execution id="7da91571-40f2-4d25-bc85-8c33d5eb3d61" />
      <TestMethod codeBase="/app/LedgerAccountsTestsUnit.dll" adapterTypeName="executor://xunit/VsTestRunner2/netcoreapp" className="LedgerAccountsTestsUnit.ControllerBulkProcessTests.MVASBulkProcessTests" name="LedgerAccountsTestsUnit.ControllerBulkProcessTests.MVASBulkProcessTests.ValidateDownloadFileAsync_Bulk_BulkUploadFail" />
    </UnitTest>
    <UnitTest name="LedgerAccountsTestsUnit.ControllerLedgerAccountsTests.MCLedgerAccountsTests.Get_LedgerAccountExists_True" storage="/app/ledgeraccountstestsunit.dll" id="03828866-de35-8431-c249-553660b71d3c">
      <Execution id="da9805b8-f771-4c55-bb20-89f511d311fa" />
      <TestMethod codeBase="/app/LedgerAccountsTestsUnit.dll" adapterTypeName="executor://xunit/VsTestRunner2/netcoreapp" className="LedgerAccountsTestsUnit.ControllerLedgerAccountsTests.MCLedgerAccountsTests" name="LedgerAccountsTestsUnit.ControllerLedgerAccountsTests.MCLedgerAccountsTests.Get_LedgerAccountExists_True" />
    </UnitTest>
    <UnitTest name="LedgerAccountsTestsUnit.ControllerLedgerAccountsTests.MVSLedgerAccountsTests.ValidateLedgerAccount_LedgerAccountData_EmptyValue" storage="/app/ledgeraccountstestsunit.dll" id="fc6fed48-a68b-c2fb-e024-e6533a630ddc">
      <Execution id="a3cc0d0b-cd76-4c17-9030-f680a40ea9db" />
      <TestMethod codeBase="/app/LedgerAccountsTestsUnit.dll" adapterTypeName="executor://xunit/VsTestRunner2/netcoreapp" className="LedgerAccountsTestsUnit.ControllerLedgerAccountsTests.MVSLedgerAccountsTests" name="LedgerAccountsTestsUnit.ControllerLedgerAccountsTests.MVSLedgerAccountsTests.ValidateLedgerAccount_LedgerAccountData_EmptyValue" />
    </UnitTest>
    <UnitTest name="LedgerAccountsTestsUnit.ControllerLedgerAccountsTests.MVDLedgerAccountsTests.ValidateRMLedgerAccountIdAsync_LedgerAccountId_NotFound" storage="/app/ledgeraccountstestsunit.dll" id="d7e9a222-9f48-bcec-be43-226ce0258ead">
      <Execution id="75baebe0-d0ab-49d9-b3da-017b88d3d5df" />
      <TestMethod codeBase="/app/LedgerAccountsTestsUnit.dll" adapterTypeName="executor://xunit/VsTestRunner2/netcoreapp" className="LedgerAccountsTestsUnit.ControllerLedgerAccountsTests.MVDLedgerAccountsTests" name="LedgerAccountsTestsUnit.ControllerLedgerAccountsTests.MVDLedgerAccountsTests.ValidateRMLedgerAccountIdAsync_LedgerAccountId_NotFound" />
    </UnitTest>
    <UnitTest name="LedgerAccountsTestsUnit.ControllerLedgerAccountsTemplatesTests.MCLedgerAccountsTemplateTests.GetLedgerAccountsTemplateExistsWhitRedis_True" storage="/app/ledgeraccountstestsunit.dll" id="ec74eab5-f6cc-b20e-a61c-5d7e22c005e6">
      <Execution id="f8f25ac3-72a6-42e6-b321-da8483dd0ed4" />
      <TestMethod codeBase="/app/LedgerAccountsTestsUnit.dll" adapterTypeName="executor://xunit/VsTestRunner2/netcoreapp" className="LedgerAccountsTestsUnit.ControllerLedgerAccountsTemplatesTests.MCLedgerAccountsTemplateTests" name="LedgerAccountsTestsUnit.ControllerLedgerAccountsTemplatesTests.MCLedgerAccountsTemplateTests.GetLedgerAccountsTemplateExistsWhitRedis_True" />
    </UnitTest>
    <UnitTest name="LedgerAccountsTestsUnit.ControllerLedgerAccountsTests.MVDLedgerAccountsTests.ValidateLedgerAccount_LedgerAccountAdjunctAccount_Valid" storage="/app/ledgeraccountstestsunit.dll" id="de46ad76-6462-2f4f-281e-97d00124ad96">
      <Execution id="f03c6300-fd35-45a7-9f72-5c38019fba72" />
      <TestMethod codeBase="/app/LedgerAccountsTestsUnit.dll" adapterTypeName="executor://xunit/VsTestRunner2/netcoreapp" className="LedgerAccountsTestsUnit.ControllerLedgerAccountsTests.MVDLedgerAccountsTests" name="LedgerAccountsTestsUnit.ControllerLedgerAccountsTests.MVDLedgerAccountsTests.ValidateLedgerAccount_LedgerAccountAdjunctAccount_Valid" />
    </UnitTest>
    <UnitTest name="LedgerAccountsTestsUnit.ControllerLedgerAccountsTemplatesTests.MVSLedgerAccountsTemplateTest.ValidateLedgerAccountTemplatePatch_LedgerAccountTemplate_BadFormat" storage="/app/ledgeraccountstestsunit.dll" id="3b9568d8-bcb9-9cdd-f00d-e02a45696099">
      <Execution id="b1174364-26cd-4985-9a2c-d953eec83b19" />
      <TestMethod codeBase="/app/LedgerAccountsTestsUnit.dll" adapterTypeName="executor://xunit/VsTestRunner2/netcoreapp" className="LedgerAccountsTestsUnit.ControllerLedgerAccountsTemplatesTests.MVSLedgerAccountsTemplateTest" name="LedgerAccountsTestsUnit.ControllerLedgerAccountsTemplatesTests.MVSLedgerAccountsTemplateTest.ValidateLedgerAccountTemplatePatch_LedgerAccountTemplate_BadFormat" />
    </UnitTest>
    <UnitTest name="LedgerAccountsTestsUnit.ControllerLedgerAccountsTests.MVSLedgerAccountsTests.ValidateLedgerAccountBulkExcelFile_LedgerAccounts_Valid" storage="/app/ledgeraccountstestsunit.dll" id="ecb44140-0aeb-d9f3-531e-30119e8bfc74">
      <Execution id="96a80077-8a6b-41b1-9609-a269ca6add12" />
      <TestMethod codeBase="/app/LedgerAccountsTestsUnit.dll" adapterTypeName="executor://xunit/VsTestRunner2/netcoreapp" className="LedgerAccountsTestsUnit.ControllerLedgerAccountsTests.MVSLedgerAccountsTests" name="LedgerAccountsTestsUnit.ControllerLedgerAccountsTests.MVSLedgerAccountsTests.ValidateLedgerAccountBulkExcelFile_LedgerAccounts_Valid" />
    </UnitTest>
    <UnitTest name="LedgerAccountsTestsUnit.ControllerLedgerAccountsTemplatesTests.MVDLedgerAccountsTemplateTest.ValidateDBMLedgerAccountTemplateIdAsync_LedgerAccountTemplateId_NotFound" storage="/app/ledgeraccountstestsunit.dll" id="633fda29-f4e9-b7d2-7593-3c9076980b8a">
      <Execution id="fbd3376d-4960-4af4-b0da-349acb1e181f" />
      <TestMethod codeBase="/app/LedgerAccountsTestsUnit.dll" adapterTypeName="executor://xunit/VsTestRunner2/netcoreapp" className="LedgerAccountsTestsUnit.ControllerLedgerAccountsTemplatesTests.MVDLedgerAccountsTemplateTest" name="LedgerAccountsTestsUnit.ControllerLedgerAccountsTemplatesTests.MVDLedgerAccountsTemplateTest.ValidateDBMLedgerAccountTemplateIdAsync_LedgerAccountTemplateId_NotFound" />
    </UnitTest>
    <UnitTest name="LedgerAccountsTestsUnit.ControllerLedgerAccountsTemplatesTests.MVDLedgerAccountsTemplateTest.ValidateLedgerAccountIdAsync_LedgerAccount_Valid" storage="/app/ledgeraccountstestsunit.dll" id="b0093c99-70c3-ac7e-a71b-bb4e39aef013">
      <Execution id="231b477d-c803-4867-b8d5-802726c773d1" />
      <TestMethod codeBase="/app/LedgerAccountsTestsUnit.dll" adapterTypeName="executor://xunit/VsTestRunner2/netcoreapp" className="LedgerAccountsTestsUnit.ControllerLedgerAccountsTemplatesTests.MVDLedgerAccountsTemplateTest" name="LedgerAccountsTestsUnit.ControllerLedgerAccountsTemplatesTests.MVDLedgerAccountsTemplateTest.ValidateLedgerAccountIdAsync_LedgerAccount_Valid" />
    </UnitTest>
    <UnitTest name="LedgerAccountsTestsUnit.ControllerLedgerAccountsTests.MCLedgerAccountsTests.Get_LedgerAccountExistsWhitRedis_True" storage="/app/ledgeraccountstestsunit.dll" id="0995fa71-13e8-ba17-734b-7950298e9f2e">
      <Execution id="20a232c2-2eea-4235-911d-391dbbe7b2ef" />
      <TestMethod codeBase="/app/LedgerAccountsTestsUnit.dll" adapterTypeName="executor://xunit/VsTestRunner2/netcoreapp" className="LedgerAccountsTestsUnit.ControllerLedgerAccountsTests.MCLedgerAccountsTests" name="LedgerAccountsTestsUnit.ControllerLedgerAccountsTests.MCLedgerAccountsTests.Get_LedgerAccountExistsWhitRedis_True" />
    </UnitTest>
    <UnitTest name="LedgerAccountsTestsUnit.ControllerLedgerAccountsTests.MVDLedgerAccountsTests.ValidateLedgerAccountIdAsync_LedgerAccount_Valid" storage="/app/ledgeraccountstestsunit.dll" id="a58b42d3-26d8-8b6c-ac10-3a91c85c1ec1">
      <Execution id="bcb8af9a-7d31-4d2b-972b-72d3a38f0cf7" />
      <TestMethod codeBase="/app/LedgerAccountsTestsUnit.dll" adapterTypeName="executor://xunit/VsTestRunner2/netcoreapp" className="LedgerAccountsTestsUnit.ControllerLedgerAccountsTests.MVDLedgerAccountsTests" name="LedgerAccountsTestsUnit.ControllerLedgerAccountsTests.MVDLedgerAccountsTests.ValidateLedgerAccountIdAsync_LedgerAccount_Valid" />
    </UnitTest>
    <UnitTest name="LedgerAccountsTestsUnit.ControllerLedgerAccountsTemplatesTests.MVSLedgerAccountsTemplateTest.ValidateLedgerAccountTemplate_LedgerAccountTemplateData_EmptyValue" storage="/app/ledgeraccountstestsunit.dll" id="47b42ae3-c377-1035-04d8-4b13ab40ef7b">
      <Execution id="d8980b8c-7526-4ea0-afea-63a4ef68f004" />
      <TestMethod codeBase="/app/LedgerAccountsTestsUnit.dll" adapterTypeName="executor://xunit/VsTestRunner2/netcoreapp" className="LedgerAccountsTestsUnit.ControllerLedgerAccountsTemplatesTests.MVSLedgerAccountsTemplateTest" name="LedgerAccountsTestsUnit.ControllerLedgerAccountsTemplatesTests.MVSLedgerAccountsTemplateTest.ValidateLedgerAccountTemplate_LedgerAccountTemplateData_EmptyValue" />
    </UnitTest>
    <UnitTest name="LedgerAccountsTestsUnit.ControllerLedgerAccountsTemplatesTests.MVSLedgerAccountsTemplateTest.ValidateLedgerAccountPatch_LedgerAccount_Valid" storage="/app/ledgeraccountstestsunit.dll" id="5bc9cfa2-f8aa-1b87-450d-2ad6c5374f63">
      <Execution id="1d93aa80-f36c-4ace-90a2-3452d3052036" />
      <TestMethod codeBase="/app/LedgerAccountsTestsUnit.dll" adapterTypeName="executor://xunit/VsTestRunner2/netcoreapp" className="LedgerAccountsTestsUnit.ControllerLedgerAccountsTemplatesTests.MVSLedgerAccountsTemplateTest" name="LedgerAccountsTestsUnit.ControllerLedgerAccountsTemplatesTests.MVSLedgerAccountsTemplateTest.ValidateLedgerAccountPatch_LedgerAccount_Valid" />
    </UnitTest>
    <UnitTest name="LedgerAccountsTestsUnit.ControllerLedgerAccountsTests.MVDLedgerAccountsTests.ValidateLedgerAccount_LedgerAccountWith_NotInEnum" storage="/app/ledgeraccountstestsunit.dll" id="db1128ac-ca46-f7c4-f7c8-ab3dd4624cf1">
      <Execution id="5d32355c-a115-4152-8998-652fc6c360b8" />
      <TestMethod codeBase="/app/LedgerAccountsTestsUnit.dll" adapterTypeName="executor://xunit/VsTestRunner2/netcoreapp" className="LedgerAccountsTestsUnit.ControllerLedgerAccountsTests.MVDLedgerAccountsTests" name="LedgerAccountsTestsUnit.ControllerLedgerAccountsTests.MVDLedgerAccountsTests.ValidateLedgerAccount_LedgerAccountWith_NotInEnum" />
    </UnitTest>
    <UnitTest name="LedgerAccountsTestsUnit.ControllerLedgerAccountsTests.MVSLedgerAccountsTests.ValidateLedgerAccountPatch_LedgerAccount_BadFormat" storage="/app/ledgeraccountstestsunit.dll" id="72990997-6326-4988-b65d-a37cf7c80b80">
      <Execution id="74771963-9300-4a4a-820f-3f3c4f515b48" />
      <TestMethod codeBase="/app/LedgerAccountsTestsUnit.dll" adapterTypeName="executor://xunit/VsTestRunner2/netcoreapp" className="LedgerAccountsTestsUnit.ControllerLedgerAccountsTests.MVSLedgerAccountsTests" name="LedgerAccountsTestsUnit.ControllerLedgerAccountsTests.MVSLedgerAccountsTests.ValidateLedgerAccountPatch_LedgerAccount_BadFormat" />
    </UnitTest>
    <UnitTest name="LedgerAccountsTestsUnit.ControllerBulkProcessTests.MVSBulkProcessTests.ValidateBulkType_BulkExcelFile_BulkFileEmptyValue" storage="/app/ledgeraccountstestsunit.dll" id="ee893476-58c3-2b33-ffd1-d3fe259c43ff">
      <Execution id="cd071294-98dd-4d55-a4a3-508d07fce8c4" />
      <TestMethod codeBase="/app/LedgerAccountsTestsUnit.dll" adapterTypeName="executor://xunit/VsTestRunner2/netcoreapp" className="LedgerAccountsTestsUnit.ControllerBulkProcessTests.MVSBulkProcessTests" name="LedgerAccountsTestsUnit.ControllerBulkProcessTests.MVSBulkProcessTests.ValidateBulkType_BulkExcelFile_BulkFileEmptyValue" />
    </UnitTest>
    <UnitTest name="LedgerAccountsTestsUnit.ControllerLedgerAccountsTests.MCLedgerAccountsTests.Get_LedgerAccountExists_NotFound" storage="/app/ledgeraccountstestsunit.dll" id="1638c037-74aa-8a07-7592-caff6b8dd076">
      <Execution id="57f54a93-6534-4956-a758-ab9f7015b3cf" />
      <TestMethod codeBase="/app/LedgerAccountsTestsUnit.dll" adapterTypeName="executor://xunit/VsTestRunner2/netcoreapp" className="LedgerAccountsTestsUnit.ControllerLedgerAccountsTests.MCLedgerAccountsTests" name="LedgerAccountsTestsUnit.ControllerLedgerAccountsTests.MCLedgerAccountsTests.Get_LedgerAccountExists_NotFound" />
    </UnitTest>
    <UnitTest name="LedgerAccountsTestsUnit.ControllerLedgerAccountsTemplatesTests.MVDLedgerAccountsTemplateTest.ValidateLedgerAccountTemplate_ValidateLedgerAccountTemplateMex_Valid" storage="/app/ledgeraccountstestsunit.dll" id="3b43fc8e-af96-ca2e-0dc7-e02dfe502c06">
      <Execution id="a25e0315-28fd-4ae2-b6bd-279ceb17e1c1" />
      <TestMethod codeBase="/app/LedgerAccountsTestsUnit.dll" adapterTypeName="executor://xunit/VsTestRunner2/netcoreapp" className="LedgerAccountsTestsUnit.ControllerLedgerAccountsTemplatesTests.MVDLedgerAccountsTemplateTest" name="LedgerAccountsTestsUnit.ControllerLedgerAccountsTemplatesTests.MVDLedgerAccountsTemplateTest.ValidateLedgerAccountTemplate_ValidateLedgerAccountTemplateMex_Valid" />
    </UnitTest>
    <UnitTest name="LedgerAccountsTestsUnit.ControllerLedgerAccountsTests.MVSLedgerAccountsTests.ValidateLedgerAccountPatch_LedgerAccount_EmptyValue" storage="/app/ledgeraccountstestsunit.dll" id="3648f3f7-d7bc-57a8-ec1c-7b6d494250aa">
      <Execution id="7344833b-9745-45f9-bbbb-5708743b15e1" />
      <TestMethod codeBase="/app/LedgerAccountsTestsUnit.dll" adapterTypeName="executor://xunit/VsTestRunner2/netcoreapp" className="LedgerAccountsTestsUnit.ControllerLedgerAccountsTests.MVSLedgerAccountsTests" name="LedgerAccountsTestsUnit.ControllerLedgerAccountsTests.MVSLedgerAccountsTests.ValidateLedgerAccountPatch_LedgerAccount_EmptyValue" />
    </UnitTest>
    <UnitTest name="LedgerAccountsTestsUnit.ControllerLedgerAccountsTemplatesTests.MVSLedgerAccountsTemplateTest.ValidateLedgerAccountTemplate_LedgerAccountTemplate_Valid" storage="/app/ledgeraccountstestsunit.dll" id="dd788d37-725b-fe07-b615-7163d4649b81">
      <Execution id="56df5122-8390-4963-831f-c925440a02d9" />
      <TestMethod codeBase="/app/LedgerAccountsTestsUnit.dll" adapterTypeName="executor://xunit/VsTestRunner2/netcoreapp" className="LedgerAccountsTestsUnit.ControllerLedgerAccountsTemplatesTests.MVSLedgerAccountsTemplateTest" name="LedgerAccountsTestsUnit.ControllerLedgerAccountsTemplatesTests.MVSLedgerAccountsTemplateTest.ValidateLedgerAccountTemplate_LedgerAccountTemplate_Valid" />
    </UnitTest>
    <UnitTest name="LedgerAccountsTestsUnit.ControllerLedgerAccountsTests.MVSLedgerAccountsTests.ValidateLedgerAccountMex_LedgerAccountMex_NullValid" storage="/app/ledgeraccountstestsunit.dll" id="2b23d559-50a0-3fd9-d1cd-34e3de8c73ae">
      <Execution id="06accb65-cafc-420f-bd97-57cc48cf9dc6" />
      <TestMethod codeBase="/app/LedgerAccountsTestsUnit.dll" adapterTypeName="executor://xunit/VsTestRunner2/netcoreapp" className="LedgerAccountsTestsUnit.ControllerLedgerAccountsTests.MVSLedgerAccountsTests" name="LedgerAccountsTestsUnit.ControllerLedgerAccountsTests.MVSLedgerAccountsTests.ValidateLedgerAccountMex_LedgerAccountMex_NullValid" />
    </UnitTest>
    <UnitTest name="LedgerAccountsTestsUnit.ControllerLedgerAccountsTests.MVDLedgerAccountsTests.ValidateLedgerAccount_LedgerAccount_ParentNotExists" storage="/app/ledgeraccountstestsunit.dll" id="1edf8a90-b2d4-df62-b729-04362a594e91">
      <Execution id="69e962c4-845f-4ba5-8887-c5cbd67043c0" />
      <TestMethod codeBase="/app/LedgerAccountsTestsUnit.dll" adapterTypeName="executor://xunit/VsTestRunner2/netcoreapp" className="LedgerAccountsTestsUnit.ControllerLedgerAccountsTests.MVDLedgerAccountsTests" name="LedgerAccountsTestsUnit.ControllerLedgerAccountsTests.MVDLedgerAccountsTests.ValidateLedgerAccount_LedgerAccount_ParentNotExists" />
    </UnitTest>
    <UnitTest name="LedgerAccountsTestsUnit.ControllerLedgerAccountsTemplatesTests.MVSLedgerAccountsTemplateTest.ValidateLedgerAccountTemplateMex_LedgerAccountTemplateMex_NullValid" storage="/app/ledgeraccountstestsunit.dll" id="10f42425-18c9-b34b-afa3-22d4108773f7">
      <Execution id="56690e77-8a65-420d-9924-31cc4f312a2e" />
      <TestMethod codeBase="/app/LedgerAccountsTestsUnit.dll" adapterTypeName="executor://xunit/VsTestRunner2/netcoreapp" className="LedgerAccountsTestsUnit.ControllerLedgerAccountsTemplatesTests.MVSLedgerAccountsTemplateTest" name="LedgerAccountsTestsUnit.ControllerLedgerAccountsTemplatesTests.MVSLedgerAccountsTemplateTest.ValidateLedgerAccountTemplateMex_LedgerAccountTemplateMex_NullValid" />
    </UnitTest>
    <UnitTest name="LedgerAccountsTestsUnit.ControllerLedgerAccountsTemplatesTests.MCLedgerAccountsTemplateTests.GetById_LedgerAccountTemplateExists_False" storage="/app/ledgeraccountstestsunit.dll" id="639cb823-a342-58a2-44aa-413bfac348c6">
      <Execution id="7dc6f2fe-dcde-4897-a738-4431e4de57d0" />
      <TestMethod codeBase="/app/LedgerAccountsTestsUnit.dll" adapterTypeName="executor://xunit/VsTestRunner2/netcoreapp" className="LedgerAccountsTestsUnit.ControllerLedgerAccountsTemplatesTests.MCLedgerAccountsTemplateTests" name="LedgerAccountsTestsUnit.ControllerLedgerAccountsTemplatesTests.MCLedgerAccountsTemplateTests.GetById_LedgerAccountTemplateExists_False" />
    </UnitTest>
    <UnitTest name="LedgerAccountsTestsUnit.ControllerLedgerAccountsTemplatesTests.MVDLedgerAccountsTemplateTest.ValidateLedgerAccount_ValidateLedgerAccountMex_SATGroupCodeIdNotExists" storage="/app/ledgeraccountstestsunit.dll" id="2df028b4-f625-fcad-f82e-690bb0ff82e6">
      <Execution id="a6917a41-59b0-4b9a-94e3-169bbb7a08a0" />
      <TestMethod codeBase="/app/LedgerAccountsTestsUnit.dll" adapterTypeName="executor://xunit/VsTestRunner2/netcoreapp" className="LedgerAccountsTestsUnit.ControllerLedgerAccountsTemplatesTests.MVDLedgerAccountsTemplateTest" name="LedgerAccountsTestsUnit.ControllerLedgerAccountsTemplatesTests.MVDLedgerAccountsTemplateTest.ValidateLedgerAccount_ValidateLedgerAccountMex_SATGroupCodeIdNotExists" />
    </UnitTest>
    <UnitTest name="LedgerAccountsTestsUnit.ControllerLedgerAccountsTests.MCLedgerAccountsTests.GetById_LedgerAccountWithSubAccountsExists_True" storage="/app/ledgeraccountstestsunit.dll" id="777a770f-f1bf-c386-9155-f82d5cc42606">
      <Execution id="1ea64937-69ac-4a0c-adef-fc889bba8e8e" />
      <TestMethod codeBase="/app/LedgerAccountsTestsUnit.dll" adapterTypeName="executor://xunit/VsTestRunner2/netcoreapp" className="LedgerAccountsTestsUnit.ControllerLedgerAccountsTests.MCLedgerAccountsTests" name="LedgerAccountsTestsUnit.ControllerLedgerAccountsTests.MCLedgerAccountsTests.GetById_LedgerAccountWithSubAccountsExists_True" />
    </UnitTest>
    <UnitTest name="LedgerAccountsTestsUnit.ControllerLedgerAccountsTemplatesTests.MVSLedgerAccountsTemplateTest.ValidateLedgerAccountTemplateMex_LedgerAccountTemplateMex_NotNullValid" storage="/app/ledgeraccountstestsunit.dll" id="f27dd1ac-10c6-e66c-6070-7128bd60dd1d">
      <Execution id="795830a1-75a8-489a-850f-80897fdfec80" />
      <TestMethod codeBase="/app/LedgerAccountsTestsUnit.dll" adapterTypeName="executor://xunit/VsTestRunner2/netcoreapp" className="LedgerAccountsTestsUnit.ControllerLedgerAccountsTemplatesTests.MVSLedgerAccountsTemplateTest" name="LedgerAccountsTestsUnit.ControllerLedgerAccountsTemplatesTests.MVSLedgerAccountsTemplateTest.ValidateLedgerAccountTemplateMex_LedgerAccountTemplateMex_NotNullValid" />
    </UnitTest>
    <UnitTest name="LedgerAccountsTestsUnit.ControllerLedgerAccountsTemplatesTests.MCLedgerAccountsTemplateTests.GetLedgerAccountsTemplateExistsNoRedis_True" storage="/app/ledgeraccountstestsunit.dll" id="c7ffa5f3-fab9-1ced-6cff-2889d278c8b9">
      <Execution id="1422dc38-0980-4b27-889f-a89ebe4096e1" />
      <TestMethod codeBase="/app/LedgerAccountsTestsUnit.dll" adapterTypeName="executor://xunit/VsTestRunner2/netcoreapp" className="LedgerAccountsTestsUnit.ControllerLedgerAccountsTemplatesTests.MCLedgerAccountsTemplateTests" name="LedgerAccountsTestsUnit.ControllerLedgerAccountsTemplatesTests.MCLedgerAccountsTemplateTests.GetLedgerAccountsTemplateExistsNoRedis_True" />
    </UnitTest>
    <UnitTest name="LedgerAccountsTestsUnit.ControllerLedgerAccountsTemplatesTests.MVDLedgerAccountsTemplateTest.ValidateLedgerAccount_LedgerAccount_ParentNotExists" storage="/app/ledgeraccountstestsunit.dll" id="98bcba45-6ae7-57f4-4b64-0c68d6376ac8">
      <Execution id="e14d2233-7545-492f-9585-f811f62ed18f" />
      <TestMethod codeBase="/app/LedgerAccountsTestsUnit.dll" adapterTypeName="executor://xunit/VsTestRunner2/netcoreapp" className="LedgerAccountsTestsUnit.ControllerLedgerAccountsTemplatesTests.MVDLedgerAccountsTemplateTest" name="LedgerAccountsTestsUnit.ControllerLedgerAccountsTemplatesTests.MVDLedgerAccountsTemplateTest.ValidateLedgerAccount_LedgerAccount_ParentNotExists" />
    </UnitTest>
    <UnitTest name="LedgerAccountsTestsUnit.ControllerLedgerAccountsTests.MVSLedgerAccountsTests.ValidateLedgerAccount_LedgerAccountData_MaxLength" storage="/app/ledgeraccountstestsunit.dll" id="dd0d522c-bc71-9c7b-50b4-2d732a48ef95">
      <Execution id="046af5f9-8d35-4955-9ba8-8d2f23452bf0" />
      <TestMethod codeBase="/app/LedgerAccountsTestsUnit.dll" adapterTypeName="executor://xunit/VsTestRunner2/netcoreapp" className="LedgerAccountsTestsUnit.ControllerLedgerAccountsTests.MVSLedgerAccountsTests" name="LedgerAccountsTestsUnit.ControllerLedgerAccountsTests.MVSLedgerAccountsTests.ValidateLedgerAccount_LedgerAccountData_MaxLength" />
[...]
    </UnitTest>
    <UnitTest name="LedgerAccountsTestsUnit.ControllerLedgerAccountsTests.MVSLedgerAccountsTests.ValidateLedgerAccountBulk_LedgerAccounts_Valid" storage="/app/ledgeraccountstestsunit.dll" id="67ac005a-c6fa-bea1-9298-50796daaf41c">
      <Execution id="fb340df6-e6f5-489f-a681-74a62dec5a08" />
      <TestMethod codeBase="/app/LedgerAccountsTestsUnit.dll" adapterTypeName="executor://xunit/VsTestRunner2/netcoreapp" className="LedgerAccountsTestsUnit.ControllerLedgerAccountsTests.MVSLedgerAccountsTests" name="LedgerAccountsTestsUnit.ControllerLedgerAccountsTests.MVSLedgerAccountsTests.ValidateLedgerAccountBulk_LedgerAccounts_Valid" />
    </UnitTest>
    <UnitTest name="LedgerAccountsTestsUnit.ControllerLedgerAccountsTests.MVDLedgerAccountsTests.ValidateLedgerAccount_ValidateLedgerAccountMex_Valid" storage="/app/ledgeraccountstestsunit.dll" id="42bf6885-ec4e-203d-2db9-af3db55e0701">
      <Execution id="4ce5cc0b-3a9a-4bb4-ba5c-7c61c12cff2d" />
      <TestMethod codeBase="/app/LedgerAccountsTestsUnit.dll" adapterTypeName="executor://xunit/VsTestRunner2/netcoreapp" className="LedgerAccountsTestsUnit.ControllerLedgerAccountsTests.MVDLedgerAccountsTests" name="LedgerAccountsTestsUnit.ControllerLedgerAccountsTests.MVDLedgerAccountsTests.ValidateLedgerAccount_ValidateLedgerAccountMex_Valid" />
    </UnitTest>
    <UnitTest name="LedgerAccountsTestsUnit.ControllerChartOfAccountsTemplatesTests.MVSChartOfAccountsTemplatesTests.ValidateChartOfAccountsTemplate_ChartOfAccountsTemplate_Empty" storage="/app/ledgeraccountstestsunit.dll" id="8376fa11-4404-34a3-36c3-16e2726e0d75">
      <Execution id="12afc7e0-5f56-412f-be30-c8bfe005bc31" />
      <TestMethod codeBase="/app/LedgerAccountsTestsUnit.dll" adapterTypeName="executor://xunit/VsTestRunner2/netcoreapp" className="LedgerAccountsTestsUnit.ControllerChartOfAccountsTemplatesTests.MVSChartOfAccountsTemplatesTests" name="LedgerAccountsTestsUnit.ControllerChartOfAccountsTemplatesTests.MVSChartOfAccountsTemplatesTests.ValidateChartOfAccountsTemplate_ChartOfAccountsTemplate_Empty" />
    </UnitTest>
    <UnitTest name="LedgerAccountsTestsUnit.ControllerBulkProcessTests.MVSBulkProcessTests.ValidateBulkType_BulkJson_Valid" storage="/app/ledgeraccountstestsunit.dll" id="4142da6d-0807-708a-7109-7b53f6f80e3a">
      <Execution id="bb251ea9-2619-4a40-b5c4-41447ff845f0" />
      <TestMethod codeBase="/app/LedgerAccountsTestsUnit.dll" adapterTypeName="executor://xunit/VsTestRunner2/netcoreapp" className="LedgerAccountsTestsUnit.ControllerBulkProcessTests.MVSBulkProcessTests" name="LedgerAccountsTestsUnit.ControllerBulkProcessTests.MVSBulkProcessTests.ValidateBulkType_BulkJson_Valid" />
    </UnitTest>
    <UnitTest name="LedgerAccountsTestsUnit.ControllerChartOfAccountsTemplatesTests.MVDChartOfAccountsTemplatesTests.ValidateChartOfAccountsTemplate_LedgerAccountTemplateData_Exists_True" storage="/app/ledgeraccountstestsunit.dll" id="91a33b2b-847e-81dc-c2b8-280747045178">
      <Execution id="100a9ebc-7dd9-4f1d-a0af-65ab3ec1619e" />
      <TestMethod codeBase="/app/LedgerAccountsTestsUnit.dll" adapterTypeName="executor://xunit/VsTestRunner2/netcoreapp" className="LedgerAccountsTestsUnit.ControllerChartOfAccountsTemplatesTests.MVDChartOfAccountsTemplatesTests" name="LedgerAccountsTestsUnit.ControllerChartOfAccountsTemplatesTests.MVDChartOfAccountsTemplatesTests.ValidateChartOfAccountsTemplate_LedgerAccountTemplateData_Exists_True" />
    </UnitTest>
    <UnitTest name="LedgerAccountsTestsUnit.ControllerChartOfAccountsTemplatesTests.MCChartOfAccountsTemplatesTests.GetById_LedgerAccountExists_True" storage="/app/ledgeraccountstestsunit.dll" id="b1e0b244-63c1-2ddb-4557-b899118031bc">
      <Execution id="dab46c23-ce96-479f-9f68-cb74f1bf192d" />
      <TestMethod codeBase="/app/LedgerAccountsTestsUnit.dll" adapterTypeName="executor://xunit/VsTestRunner2/netcoreapp" className="LedgerAccountsTestsUnit.ControllerChartOfAccountsTemplatesTests.MCChartOfAccountsTemplatesTests" name="LedgerAccountsTestsUnit.ControllerChartOfAccountsTemplatesTests.MCChartOfAccountsTemplatesTests.GetById_LedgerAccountExists_True" />
    </UnitTest>
  </TestDefinitions>
  <TestEntries>
    <TestEntry testId="b0093c99-70c3-ac7e-a71b-bb4e39aef013" executionId="231b477d-c803-4867-b8d5-802726c773d1" testListId="8c84fa94-04c1-424b-9868-57a2d4851a1d" />
    <TestEntry testId="dab2bbee-d55d-b385-9866-400ce9b91f4f" executionId="b7f3ba35-4749-45de-b34d-50e5fede8696" testListId="8c84fa94-04c1-424b-9868-57a2d4851a1d" />
    <TestEntry testId="2b23d559-50a0-3fd9-d1cd-34e3de8c73ae" executionId="06accb65-cafc-420f-bd97-57cc48cf9dc6" testListId="8c84fa94-04c1-424b-9868-57a2d4851a1d" />
    <TestEntry testId="5f95fbb5-2dff-e532-f8df-9fe0823e1f66" executionId="7da91571-40f2-4d25-bc85-8c33d5eb3d61" testListId="8c84fa94-04c1-424b-9868-57a2d4851a1d" />
    <TestEntry testId="0e0039b6-8ab8-5184-38c5-46a20e4700f9" executionId="209ea7a6-3024-41a5-8a94-acb05b950d56" testListId="8c84fa94-04c1-424b-9868-57a2d4851a1d" />
    <TestEntry testId="8bd317f3-c94e-0c63-fb05-490bbca4a221" executionId="6fa6cbef-736f-4fc2-8b7b-70d2a8bd4e9f" testListId="8c84fa94-04c1-424b-9868-57a2d4851a1d" />
    <TestEntry testId="e32bf08a-29e9-ef2e-ce78-a514db82215a" executionId="f33d68c2-0f8c-45bd-926c-f6ee20ccf2da" testListId="8c84fa94-04c1-424b-9868-57a2d4851a1d" />
    <TestEntry testId="777a770f-f1bf-c386-9155-f82d5cc42606" executionId="1ea64937-69ac-4a0c-adef-fc889bba8e8e" testListId="8c84fa94-04c1-424b-9868-57a2d4851a1d" />
    <TestEntry testId="f21e5539-037f-d4ee-18a0-d394bc7c8273" executionId="afa85e15-35fd-4a35-8879-f468991d87fa" testListId="8c84fa94-04c1-424b-9868-57a2d4851a1d" />
    <TestEntry testId="a58b42d3-26d8-8b6c-ac10-3a91c85c1ec1" executionId="bcb8af9a-7d31-4d2b-972b-72d3a38f0cf7" testListId="8c84fa94-04c1-424b-9868-57a2d4851a1d" />
    <TestEntry testId="3d368010-4310-a69c-e111-56df59e97742" executionId="232684e6-5a71-4271-a156-e9ac9d7ba525" testListId="8c84fa94-04c1-424b-9868-57a2d4851a1d" />
    <TestEntry testId="f7431369-547b-e0ee-76e4-4869ccdf3e66" executionId="051c2d7b-f066-4af2-ab1a-f256121e4d68" testListId="8c84fa94-04c1-424b-9868-57a2d4851a1d" />
    <TestEntry testId="3b43fc8e-af96-ca2e-0dc7-e02dfe502c06" executionId="a25e0315-28fd-4ae2-b6bd-279ceb17e1c1" testListId="8c84fa94-04c1-424b-9868-57a2d4851a1d" />
    <TestEntry testId="3d61733c-7e1d-900f-5132-a53fa52b9525" executionId="bea8c2ca-8fce-4e56-b462-0054cb8a8f51" testListId="8c84fa94-04c1-424b-9868-57a2d4851a1d" />
    <TestEntry testId="72990997-6326-4988-b65d-a37cf7c80b80" executionId="74771963-9300-4a4a-820f-3f3c4f515b48" testListId="8c84fa94-04c1-424b-9868-57a2d4851a1d" />
    <TestEntry testId="0995fa71-13e8-ba17-734b-7950298e9f2e" executionId="20a232c2-2eea-4235-911d-391dbbe7b2ef" testListId="8c84fa94-04c1-424b-9868-57a2d4851a1d" />
    <TestEntry testId="a6dcb79b-c0e5-ea50-3563-5c6bfc8c6f6f" executionId="3a8bc2c8-17ce-447c-b0c2-f3beba811fc1" testListId="8c84fa94-04c1-424b-9868-57a2d4851a1d" />
    <TestEntry testId="3648f3f7-d7bc-57a8-ec1c-7b6d494250aa" executionId="7344833b-9745-45f9-bbbb-5708743b15e1" testListId="8c84fa94-04c1-424b-9868-57a2d4851a1d" />
    <TestEntry testId="1edf8a90-b2d4-df62-b729-04362a594e91" executionId="69e962c4-845f-4ba5-8887-c5cbd67043c0" testListId="8c84fa94-04c1-424b-9868-57a2d4851a1d" />
    <TestEntry testId="49c28c60-16e2-7e6e-73af-b5a134ea22d9" executionId="2129965b-0b35-4da1-bd81-3e3484211eff" testListId="8c84fa94-04c1-424b-9868-57a2d4851a1d" />
    <TestEntry testId="c2c47baa-fa08-bc69-a99c-43d0f6dad962" executionId="708e245e-e823-45fc-a9bf-f9edca1596c2" testListId="8c84fa94-04c1-424b-9868-57a2d4851a1d" />
    <TestEntry testId="19f9cc7c-35b7-15d0-822d-5184b1e00e88" executionId="37d30299-dec1-4b27-929b-419e1e219644" testListId="8c84fa94-04c1-424b-9868-57a2d4851a1d" />
    <TestEntry testId="dda59a48-d9dd-55e1-e82a-02e71164c256" executionId="c0de5d1f-39f5-4ddf-a86c-eecc6237bc27" testListId="8c84fa94-04c1-424b-9868-57a2d4851a1d" />
    <TestEntry testId="633fda29-f4e9-b7d2-7593-3c9076980b8a" executionId="fbd3376d-4960-4af4-b0da-349acb1e181f" testListId="8c84fa94-04c1-424b-9868-57a2d4851a1d" />
    <TestEntry testId="e23d90e8-3bac-817b-3a65-d3efabc4ccb9" executionId="8c5456b3-dcda-4e33-849e-6763e7a05140" testListId="8c84fa94-04c1-424b-9868-57a2d4851a1d" />
    <TestEntry testId="f27dd1ac-10c6-e66c-6070-7128bd60dd1d" executionId="795830a1-75a8-489a-850f-80897fdfec80" testListId="8c84fa94-04c1-424b-9868-57a2d4851a1d" />
    <TestEntry testId="9063419b-04ba-0da0-cbe0-33ecc4114283" executionId="9b0d25a2-ee2d-4f80-a459-c4783b05e084" testListId="8c84fa94-04c1-424b-9868-57a2d4851a1d" />
    <TestEntry testId="90e95780-903f-4c96-1aa5-fc9106d3c47f" executionId="d35c56f0-e8de-4d9f-a437-7eb074aad223" testListId="8c84fa94-04c1-424b-9868-57a2d4851a1d" />
    <TestEntry testId="526bcd79-868a-f49d-e1c3-2e2d8711959f" executionId="7b0bf115-7d95-4e7e-aba8-423b1d450d39" testListId="8c84fa94-04c1-424b-9868-57a2d4851a1d" />
    <TestEntry testId="c7b68479-6745-da9c-f3cd-3f519e7363e0" executionId="363f9fcf-f2d8-4b1b-8236-0e5d9961896e" testListId="8c84fa94-04c1-424b-9868-57a2d4851a1d" />
    <TestEntry testId="db1128ac-ca46-f7c4-f7c8-ab3dd4624cf1" executionId="5d32355c-a115-4152-8998-652fc6c360b8" testListId="8c84fa94-04c1-424b-9868-57a2d4851a1d" />
    <TestEntry testId="91cb0e9a-36eb-2dac-5113-5febbc875660" executionId="f5ed2b63-19bd-4f9b-9283-42dd1de8c934" testListId="8c84fa94-04c1-424b-9868-57a2d4851a1d" />
    <TestEntry testId="7e34c734-9bd2-4959-2cbf-414a4b47b9d6" executionId="30d3bb54-037f-4248-83ee-15d686513254" testListId="8c84fa94-04c1-424b-9868-57a2d4851a1d" />
    <TestEntry testId="b841bde9-0934-7ca1-5fd8-001f40657d88" executionId="aa1d0481-e7e2-4598-b7ef-1a01c10a8b8f" testListId="8c84fa94-04c1-424b-9868-57a2d4851a1d" />
    <TestEntry testId="67ddc95f-255e-7407-a908-3ef04f89a2cb" executionId="a9c33660-6741-4e1a-9dc5-6a7d867460a3" testListId="8c84fa94-04c1-424b-9868-57a2d4851a1d" />
    <TestEntry testId="8fcff655-a666-b271-c14b-fa016439b7c4" executionId="d5c33c1e-478e-41e9-827b-d8d52333f96e" testListId="8c84fa94-04c1-424b-9868-57a2d4851a1d" />
    <TestEntry testId="aa079fb8-65c9-228c-c058-39d38a33c899" executionId="67e07995-0d69-4b53-9c14-7d11826c781e" testListId="8c84fa94-04c1-424b-9868-57a2d4851a1d" />
    <TestEntry testId="f656e385-8b25-702c-33bf-451c7d61187d" executionId="467d9177-b546-4400-b06d-23cfb0b9cca7" testListId="8c84fa94-04c1-424b-9868-57a2d4851a1d" />
    <TestEntry testId="5bc9cfa2-f8aa-1b87-450d-2ad6c5374f63" executionId="1d93aa80-f36c-4ace-90a2-3452d3052036" testListId="8c84fa94-04c1-424b-9868-57a2d4851a1d" />
    <TestEntry testId="67ac005a-c6fa-bea1-9298-50796daaf41c" executionId="fb340df6-e6f5-489f-a681-74a62dec5a08" testListId="8c84fa94-04c1-424b-9868-57a2d4851a1d" />
    <TestEntry testId="caa6a2f5-8b7f-67fd-915a-a596b0f46399" executionId="5ac3218b-b652-4e7e-8810-10d35bd3657c" testListId="8c84fa94-04c1-424b-9868-57a2d4851a1d" />
    <TestEntry testId="4f10ab33-7ddb-8481-9d38-7eec2b4530dd" executionId="4068a0b8-dcf4-4400-b248-01b433aec890" testListId="8c84fa94-04c1-424b-9868-57a2d4851a1d" />
    <TestEntry testId="990483ee-e952-4c7d-cfdd-1583745b5710" executionId="2a0d1db8-b9c8-4fc3-b47b-42698a8442d9" testListId="8c84fa94-04c1-424b-9868-57a2d4851a1d" />
    <TestEntry testId="42bf6885-ec4e-203d-2db9-af3db55e0701" executionId="4ce5cc0b-3a9a-4bb4-ba5c-7c61c12cff2d" testListId="8c84fa94-04c1-424b-9868-57a2d4851a1d" />
    <TestEntry testId="91a33b2b-847e-81dc-c2b8-280747045178" executionId="100a9ebc-7dd9-4f1d-a0af-65ab3ec1619e" testListId="8c84fa94-04c1-424b-9868-57a2d4851a1d" />
    <TestEntry testId="d7e9a222-9f48-bcec-be43-226ce0258ead" executionId="75baebe0-d0ab-49d9-b3da-017b88d3d5df" testListId="8c84fa94-04c1-424b-9868-57a2d4851a1d" />
    <TestEntry testId="47b42ae3-c377-1035-04d8-4b13ab40ef7b" executionId="d8980b8c-7526-4ea0-afea-63a4ef68f004" testListId="8c84fa94-04c1-424b-9868-57a2d4851a1d" />
    <TestEntry testId="10ff3364-0549-dc20-dd0f-ee9457277357" executionId="eacc4d1c-2db7-4522-bb7a-cd94705a7b3b" testListId="8c84fa94-04c1-424b-9868-57a2d4851a1d" />
    <TestEntry testId="d6e36956-a275-bdae-1d6c-81553db35cbe" executionId="5d4cf4c1-b66e-4328-951d-bf8aa48553a1" testListId="8c84fa94-04c1-424b-9868-57a2d4851a1d" />
    <TestEntry testId="ee893476-58c3-2b33-ffd1-d3fe259c43ff" executionId="cd071294-98dd-4d55-a4a3-508d07fce8c4" testListId="8c84fa94-04c1-424b-9868-57a2d4851a1d" />
    <TestEntry testId="16efea54-15ea-4193-dfc6-2e8b93c7a72f" executionId="df9d3dc3-cde6-41a4-880c-6bc9f843e520" testListId="8c84fa94-04c1-424b-9868-57a2d4851a1d" />
    <TestEntry testId="fc6fed48-a68b-c2fb-e024-e6533a630ddc" executionId="a3cc0d0b-cd76-4c17-9030-f680a40ea9db" testListId="8c84fa94-04c1-424b-9868-57a2d4851a1d" />
    <TestEntry testId="79397d54-0fad-6406-f5c6-b8aefe46e514" executionId="6d4f98a9-aa3d-4941-8044-d1e68777732c" testListId="8c84fa94-04c1-424b-9868-57a2d4851a1d" />
    <TestEntry testId="85b1ba95-50d3-d547-fbc7-733be3400369" executionId="685a0f4a-1e47-41d6-b210-55eddfc45f15" testListId="8c84fa94-04c1-424b-9868-57a2d4851a1d" />
    <TestEntry testId="3b9568d8-bcb9-9cdd-f00d-e02a45696099" executionId="b1174364-26cd-4985-9a2c-d953eec83b19" testListId="8c84fa94-04c1-424b-9868-57a2d4851a1d" />
    <TestEntry testId="ba7dc121-e1aa-65d7-5998-3a6bc2f5f9a4" executionId="1ee02483-d931-42cb-a095-0520b2072258" testListId="8c84fa94-04c1-424b-9868-57a2d4851a1d" />
    <TestEntry testId="4142da6d-0807-708a-7109-7b53f6f80e3a" executionId="bb251ea9-2619-4a40-b5c4-41447ff845f0" testListId="8c84fa94-04c1-424b-9868-57a2d4851a1d" />
    <TestEntry testId="9d0e583f-c60a-7e42-5546-80264c49e9dd" executionId="5f4bb5f8-fd14-4a7d-b064-5d2487e49881" testListId="8c84fa94-04c1-424b-9868-57a2d4851a1d" />
    <TestEntry testId="62c83675-ccc5-4306-36b2-fa7d4c374447" executionId="c41ec0b1-31a0-4767-9d63-e55e36efa6ae" testListId="8c84fa94-04c1-424b-9868-57a2d4851a1d" />
    <TestEntry testId="50ea9b19-03c3-5c47-c414-6b621433e82e" executionId="daaaa744-f91d-49f1-870d-ff102470bead" testListId="8c84fa94-04c1-424b-9868-57a2d4851a1d" />
    <TestEntry testId="4a0bd65a-2cec-42fb-8f41-e0a627f89a82" executionId="1be29f93-a465-43d3-aa3e-f8c0393f1e2c" testListId="8c84fa94-04c1-424b-9868-57a2d4851a1d" />
    <TestEntry testId="c94ac85e-b89c-3a71-a33a-1f01ecd8b5e6" executionId="7a1d3744-b1c1-4574-8b56-eddabdf7d4c4" testListId="8c84fa94-04c1-424b-9868-57a2d4851a1d" />
    <TestEntry testId="7694daf5-eb1b-51c3-aaad-b3018843feab" executionId="d93fd269-1e74-43cb-848a-d01ae524fd22" testListId="8c84fa94-04c1-424b-9868-57a2d4851a1d" />
    <TestEntry testId="8a364581-cd16-0363-4d00-14364dfaa9c1" executionId="c1a574f1-03b7-4b03-b0d5-ef9624d12f2e" testListId="8c84fa94-04c1-424b-9868-57a2d4851a1d" />
    <TestEntry testId="03828866-de35-8431-c249-553660b71d3c" executionId="da9805b8-f771-4c55-bb20-89f511d311fa" testListId="8c84fa94-04c1-424b-9868-57a2d4851a1d" />
    <TestEntry testId="10f42425-18c9-b34b-afa3-22d4108773f7" executionId="56690e77-8a65-420d-9924-31cc4f312a2e" testListId="8c84fa94-04c1-424b-9868-57a2d4851a1d" />
    <TestEntry testId="56492a36-dd6d-ec61-a985-1a70788948e6" executionId="2cc1ccb2-9860-406e-a866-faf54af4c8fd" testListId="8c84fa94-04c1-424b-9868-57a2d4851a1d" />
    <TestEntry testId="c7ffa5f3-fab9-1ced-6cff-2889d278c8b9" executionId="1422dc38-0980-4b27-889f-a89ebe4096e1" testListId="8c84fa94-04c1-424b-9868-57a2d4851a1d" />
    <TestEntry testId="ef1144cf-6f0d-c21a-76dd-1b08812b9f6c" executionId="13e6ec56-90ea-42ba-92f5-877f6021038a" testListId="8c84fa94-04c1-424b-9868-57a2d4851a1d" />
    <TestEntry testId="c0cdc76a-7bdd-0bb6-d3a7-52eb80e135f7" executionId="3865767b-5d3e-46bc-a0a1-ea67b0950dae" testListId="8c84fa94-04c1-424b-9868-57a2d4851a1d" />
    <TestEntry testId="6cef706a-7e9a-c974-bbf6-bb5d4bbe76c4" executionId="98d9b2d1-918e-4417-bf50-687c3d65cd8b" testListId="8c84fa94-04c1-424b-9868-57a2d4851a1d" />
    <TestEntry testId="2df028b4-f625-fcad-f82e-690bb0ff82e6" executionId="a6917a41-59b0-4b9a-94e3-169bbb7a08a0" testListId="8c84fa94-04c1-424b-9868-57a2d4851a1d" />
    <TestEntry testId="639cb823-a342-58a2-44aa-413bfac348c6" executionId="7dc6f2fe-dcde-4897-a738-4431e4de57d0" testListId="8c84fa94-04c1-424b-9868-57a2d4851a1d" />
    <TestEntry testId="b1e0b244-63c1-2ddb-4557-b899118031bc" executionId="dab46c23-ce96-479f-9f68-cb74f1bf192d" testListId="8c84fa94-04c1-424b-9868-57a2d4851a1d" />
    <TestEntry testId="6c966fd0-4ce7-3108-e9b7-b1b22c40a506" executionId="23361493-0e00-4fcf-8f85-c38788297c54" testListId="8c84fa94-04c1-424b-9868-57a2d4851a1d" />
    <TestEntry testId="de46ad76-6462-2f4f-281e-97d00124ad96" executionId="f03c6300-fd35-45a7-9f72-5c38019fba72" testListId="8c84fa94-04c1-424b-9868-57a2d4851a1d" />
    <TestEntry testId="6d776d2b-76d4-64d6-2e90-3a86526c3513" executionId="a561620e-5295-44d7-a517-b48b8c600891" testListId="8c84fa94-04c1-424b-9868-57a2d4851a1d" />
    <TestEntry testId="8376fa11-4404-34a3-36c3-16e2726e0d75" executionId="12afc7e0-5f56-412f-be30-c8bfe005bc31" testListId="8c84fa94-04c1-424b-9868-57a2d4851a1d" />
    <TestEntry testId="ecb44140-0aeb-d9f3-531e-30119e8bfc74" executionId="96a80077-8a6b-41b1-9609-a269ca6add12" testListId="8c84fa94-04c1-424b-9868-57a2d4851a1d" />
    <TestEntry testId="1638c037-74aa-8a07-7592-caff6b8dd076" executionId="57f54a93-6534-4956-a758-ab9f7015b3cf" testListId="8c84fa94-04c1-424b-9868-57a2d4851a1d" />
    <TestEntry testId="dd788d37-725b-fe07-b615-7163d4649b81" executionId="56df5122-8390-4963-831f-c925440a02d9" testListId="8c84fa94-04c1-424b-9868-57a2d4851a1d" />
    <TestEntry testId="26cdb627-11e8-d924-d1ae-1be82e706ff4" executionId="28697ab5-af1a-4fef-94bf-08b96438bc0b" testListId="8c84fa94-04c1-424b-9868-57a2d4851a1d" />
    <TestEntry testId="dd0d522c-bc71-9c7b-50b4-2d732a48ef95" executionId="046af5f9-8d35-4955-9ba8-8d2f23452bf0" testListId="8c84fa94-04c1-424b-9868-57a2d4851a1d" />
    <TestEntry testId="133616d5-ea08-ca20-71a6-2c0f51e176bb" executionId="0956ccad-8353-496e-8f8c-aca21138c6cc" testListId="8c84fa94-04c1-424b-9868-57a2d4851a1d" />
    <TestEntry testId="bd3ad5b5-28cb-792b-6e7d-985df4b0fc14" executionId="054f26f7-06cf-49c0-b475-7de241ac5d1a" testListId="8c84fa94-04c1-424b-9868-57a2d4851a1d" />
    <TestEntry testId="813756db-879a-2b26-824c-88aebc2e0670" executionId="8a38804f-e486-4930-a565-05714be923ab" testListId="8c84fa94-04c1-424b-9868-57a2d4851a1d" />
    <TestEntry testId="a2bbec36-e6df-d585-1e09-ab45431c2cd4" executionId="6bb7fc0c-737f-4d90-b617-b61456861acc" testListId="8c84fa94-04c1-424b-9868-57a2d4851a1d" />
    <TestEntry testId="98bcba45-6ae7-57f4-4b64-0c68d6376ac8" executionId="e14d2233-7545-492f-9585-f811f62ed18f" testListId="8c84fa94-04c1-424b-9868-57a2d4851a1d" />
    <TestEntry testId="3d890957-ceb5-8d2d-f025-c8b47fff8889" executionId="3af29d4d-5da1-4f37-9a1b-b1e836e6a66c" testListId="8c84fa94-04c1-424b-9868-57a2d4851a1d" />
    <TestEntry testId="ec74eab5-f6cc-b20e-a61c-5d7e22c005e6" executionId="f8f25ac3-72a6-42e6-b321-da8483dd0ed4" testListId="8c84fa94-04c1-424b-9868-57a2d4851a1d" />
  </TestEntries>
  <TestLists>
    <TestList name="Results Not in a List" id="8c84fa94-04c1-424b-9868-57a2d4851a1d" />
    <TestList name="All Loaded Results" id="19431567-8539-422a-85d7-44ee4e166bda" />
  </TestLists>
  <ResultSummary outcome="Completed">
    <Counters total="90" executed="90" passed="90" failed="0" error="0" timeout="0" aborted="0" inconclusive="0" passedButRunAborted="0" notRunnable="0" notExecuted="0" disconnected="0" warning="0" completed="0" inProgress="0" pending="0" />
    <Output>
      <StdOut>[xUnit.net 00:00:00.00] xUnit.net VSTest Adapter v2.4.0 (64-bit .NET Core 4.6.28008.02)
[xUnit.net 00:00:01.03]   Discovering: LedgerAccountsTestsUnit
[xUnit.net 00:00:01.09]   Discovered:  LedgerAccountsTestsUnit
[xUnit.net 00:00:01.09]   Starting:    LedgerAccountsTestsUnit
[xUnit.net 00:00:03.31]   Finished:    LedgerAccountsTestsUnit
</StdOut>
    </Output>
  </ResultSummary>
</TestRun>